2022-07-26 12:35:23.505  INFO 15920 --- [main] m.a.AccountServiceApplication            : No active profile set, falling back to default profiles: default
2022-07-26 12:35:24.049  INFO 15920 --- [main] o.s.cloud.context.scope.GenericScope     : BeanFactory id=bc328c64-c76a-38e8-af4b-94347371b21e
2022-07-26 12:35:24.058  INFO 15920 --- [main] trationDelegate$BeanPostProcessorChecker : Bean 'io.seata.spring.boot.autoconfigure.SeataAutoConfiguration' of type [io.seata.spring.boot.autoconfigure.SeataAutoConfiguration] is not eligible for getting processed by all BeanPostProcessors (for example: not eligible for auto-proxying)
2022-07-26 12:35:24.085  INFO 15920 --- [main] trationDelegate$BeanPostProcessorChecker : Bean 'failureHandler' of type [io.seata.tm.api.DefaultFailureHandlerImpl] is not eligible for getting processed by all BeanPostProcessors (for example: not eligible for auto-proxying)
2022-07-26 12:35:24.090  INFO 15920 --- [main] trationDelegate$BeanPostProcessorChecker : Bean 'springCloudAlibabaConfiguration' of type [io.seata.spring.boot.autoconfigure.properties.SpringCloudAlibabaConfiguration] is not eligible for getting processed by all BeanPostProcessors (for example: not eligible for auto-proxying)
2022-07-26 12:35:24.092  INFO 15920 --- [main] trationDelegate$BeanPostProcessorChecker : Bean 'seataProperties' of type [io.seata.spring.boot.autoconfigure.properties.SeataProperties] is not eligible for getting processed by all BeanPostProcessors (for example: not eligible for auto-proxying)
2022-07-26 12:35:24.092  INFO 15920 --- [main] i.s.s.b.a.SeataAutoConfiguration         : Automatically configure Seata
2022-07-26 12:35:24.096  INFO 15920 --- [main] io.seata.config.FileConfiguration        : The file name of the operation is registry
2022-07-26 12:35:24.128  INFO 15920 --- [main] io.seata.config.ConfigurationFactory     : load Configuration:FileConfiguration$$EnhancerByCGLIB$$862af1eb
2022-07-26 12:35:24.131  INFO 15920 --- [main] trationDelegate$BeanPostProcessorChecker : Bean 'configProperties' of type [io.seata.spring.boot.autoconfigure.properties.config.ConfigProperties] is not eligible for getting processed by all BeanPostProcessors (for example: not eligible for auto-proxying)
2022-07-26 12:35:24.138  INFO 15920 --- [main] trationDelegate$BeanPostProcessorChecker : Bean 'configNacosProperties' of type [io.seata.spring.boot.autoconfigure.properties.config.ConfigNacosProperties] is not eligible for getting processed by all BeanPostProcessors (for example: not eligible for auto-proxying)
2022-07-26 12:35:25.509  INFO 15920 --- [main] i.s.s.a.GlobalTransactionScanner         : Initializing Global Transaction Clients ... 
2022-07-26 12:35:32.426  INFO 15920 --- [main] i.s.core.rpc.netty.NettyClientBootstrap  : NettyClientBootstrap has started
2022-07-26 12:35:32.426  INFO 15920 --- [main] i.s.s.a.GlobalTransactionScanner         : Transaction Manager Client is initialized. applicationId[account-service] txServiceGroup[seata-tx-service-group]
2022-07-26 12:35:33.049  INFO 15920 --- [main] io.seata.rm.datasource.AsyncWorker       : Async Commit Buffer Limit: 10000
2022-07-26 12:35:33.051  INFO 15920 --- [main] i.s.rm.datasource.xa.ResourceManagerXA   : ResourceManagerXA init ...
2022-07-26 12:35:33.056  INFO 15920 --- [main] i.s.core.rpc.netty.NettyClientBootstrap  : NettyClientBootstrap has started
2022-07-26 12:35:33.056  INFO 15920 --- [main] i.s.s.a.GlobalTransactionScanner         : Resource Manager is initialized. applicationId[account-service] txServiceGroup[seata-tx-service-group]
2022-07-26 12:35:33.056  INFO 15920 --- [main] i.s.s.a.GlobalTransactionScanner         : Global Transaction Clients are initialized. 
2022-07-26 12:35:33.058  INFO 15920 --- [main] trationDelegate$BeanPostProcessorChecker : Bean 'io.seata.spring.boot.autoconfigure.SeataDataSourceAutoConfiguration' of type [io.seata.spring.boot.autoconfigure.SeataDataSourceAutoConfiguration] is not eligible for getting processed by all BeanPostProcessors (for example: not eligible for auto-proxying)
2022-07-26 12:35:33.270  INFO 15920 --- [main] o.s.b.w.embedded.tomcat.TomcatWebServer  : Tomcat initialized with port(s): 8083 (http)
2022-07-26 12:35:33.279  INFO 15920 --- [main] o.apache.catalina.core.StandardService   : Starting service [Tomcat]
2022-07-26 12:35:33.279  INFO 15920 --- [main] org.apache.catalina.core.StandardEngine  : Starting Servlet engine: [Apache Tomcat/9.0.43]
2022-07-26 12:35:33.389  INFO 15920 --- [main] o.a.c.c.C.[Tomcat].[localhost].[/]       : Initializing Spring embedded WebApplicationContext
2022-07-26 12:35:33.390  INFO 15920 --- [main] w.s.c.ServletWebServerApplicationContext : Root WebApplicationContext: initialization completed in 9871 ms
2022-07-26 12:35:33.461  INFO 15920 --- [main] c.a.d.s.b.a.DruidDataSourceAutoConfigure : Init DruidDataSource
2022-07-26 12:35:33.559  INFO 15920 --- [main] com.alibaba.druid.pool.DruidDataSource   : {dataSource-1} inited
2022-07-26 12:35:33.569  INFO 15920 --- [main] .s.s.a.d.SeataAutoDataSourceProxyCreator : Auto proxy of [dataSource]
2022-07-26 12:35:34.351 ERROR 15920 --- [main] i.s.c.r.netty.NettyClientChannelManager  : no available service found in cluster 'default', please make sure registry config correct and keep your seata server running
2022-07-26 12:35:34.667  WARN 15920 --- [main] c.n.c.sources.URLConfigurationSource     : No URLs will be polled as dynamic configuration sources.
2022-07-26 12:35:34.667  INFO 15920 --- [main] c.n.c.sources.URLConfigurationSource     : To enable URLs as dynamic configuration sources, define System property archaius.configurationSource.additionalUrls or make config.properties available on classpath.
2022-07-26 12:35:34.670  WARN 15920 --- [main] c.n.c.sources.URLConfigurationSource     : No URLs will be polled as dynamic configuration sources.
2022-07-26 12:35:34.670  INFO 15920 --- [main] c.n.c.sources.URLConfigurationSource     : To enable URLs as dynamic configuration sources, define System property archaius.configurationSource.additionalUrls or make config.properties available on classpath.
2022-07-26 12:35:34.772  INFO 15920 --- [main] o.s.s.concurrent.ThreadPoolTaskExecutor  : Initializing ExecutorService 'applicationTaskExecutor'
2022-07-26 12:35:34.953  INFO 15920 --- [main] o.s.s.c.ThreadPoolTaskScheduler          : Initializing ExecutorService 'Nacos-Watch-Task-Scheduler'
2022-07-26 12:35:35.293  INFO 15920 --- [main] o.s.b.w.embedded.tomcat.TomcatWebServer  : Tomcat started on port(s): 8083 (http) with context path ''
2022-07-26 12:35:35.332 ERROR 15920 --- [main] c.a.c.n.registry.NacosServiceRegistry    : nacos registry, account-service register failed...NacosRegistration{nacosDiscoveryProperties=NacosDiscoveryProperties{serverAddr='localhost:8848', endpoint='', namespace='', watchDelay=30000, logName='', service='account-service', weight=1.0, clusterName='DEFAULT', group='DEFAULT_GROUP', namingLoadCacheAtStart='false', metadata={preserved.register.source=SPRING_CLOUD}, registerEnabled=true, ip='192.168.202.1', networkInterface='', port=8083, secure=false, accessKey='', secretKey='', heartBeatInterval=null, heartBeatTimeout=null, ipDeleteTimeout=null, failFast=true}},

com.alibaba.nacos.api.exception.NacosException: failed to req API:/nacos/v1/ns/instance after all servers([localhost:8848]) tried: java.net.ConnectException: Connection refused: no further information
	at com.alibaba.nacos.client.naming.net.NamingProxy.reqApi(NamingProxy.java:556) ~[nacos-client-1.4.2.jar:na]
	at com.alibaba.nacos.client.naming.net.NamingProxy.reqApi(NamingProxy.java:498) ~[nacos-client-1.4.2.jar:na]
	at com.alibaba.nacos.client.naming.net.NamingProxy.reqApi(NamingProxy.java:493) ~[nacos-client-1.4.2.jar:na]
	at com.alibaba.nacos.client.naming.net.NamingProxy.registerService(NamingProxy.java:246) ~[nacos-client-1.4.2.jar:na]
	at com.alibaba.nacos.client.naming.NacosNamingService.registerInstance(NacosNamingService.java:212) ~[nacos-client-1.4.2.jar:na]
	at com.alibaba.cloud.nacos.registry.NacosServiceRegistry.register(NacosServiceRegistry.java:74) ~[spring-cloud-starter-alibaba-nacos-discovery-2.2.6.RELEASE.jar:2.2.6.RELEASE]
	at org.springframework.cloud.client.serviceregistry.AbstractAutoServiceRegistration.register(AbstractAutoServiceRegistration.java:239) ~[spring-cloud-commons-2.2.7.RELEASE.jar:2.2.7.RELEASE]
	at com.alibaba.cloud.nacos.registry.NacosAutoServiceRegistration.register(NacosAutoServiceRegistration.java:78) ~[spring-cloud-starter-alibaba-nacos-discovery-2.2.6.RELEASE.jar:2.2.6.RELEASE]
	at org.springframework.cloud.client.serviceregistry.AbstractAutoServiceRegistration.start(AbstractAutoServiceRegistration.java:138) ~[spring-cloud-commons-2.2.7.RELEASE.jar:2.2.7.RELEASE]
	at org.springframework.cloud.client.serviceregistry.AbstractAutoServiceRegistration.bind(AbstractAutoServiceRegistration.java:101) ~[spring-cloud-commons-2.2.7.RELEASE.jar:2.2.7.RELEASE]
	at org.springframework.cloud.client.serviceregistry.AbstractAutoServiceRegistration.onApplicationEvent(AbstractAutoServiceRegistration.java:88) ~[spring-cloud-commons-2.2.7.RELEASE.jar:2.2.7.RELEASE]
	at org.springframework.cloud.client.serviceregistry.AbstractAutoServiceRegistration.onApplicationEvent(AbstractAutoServiceRegistration.java:47) ~[spring-cloud-commons-2.2.7.RELEASE.jar:2.2.7.RELEASE]
	at org.springframework.context.event.SimpleApplicationEventMulticaster.doInvokeListener(SimpleApplicationEventMulticaster.java:172) ~[spring-context-5.2.13.RELEASE.jar:5.2.13.RELEASE]
	at org.springframework.context.event.SimpleApplicationEventMulticaster.invokeListener(SimpleApplicationEventMulticaster.java:165) ~[spring-context-5.2.13.RELEASE.jar:5.2.13.RELEASE]
	at org.springframework.context.event.SimpleApplicationEventMulticaster.multicastEvent(SimpleApplicationEventMulticaster.java:139) ~[spring-context-5.2.13.RELEASE.jar:5.2.13.RELEASE]
	at org.springframework.context.support.AbstractApplicationContext.publishEvent(AbstractApplicationContext.java:404) ~[spring-context-5.2.13.RELEASE.jar:5.2.13.RELEASE]
	at org.springframework.context.support.AbstractApplicationContext.publishEvent(AbstractApplicationContext.java:361) ~[spring-context-5.2.13.RELEASE.jar:5.2.13.RELEASE]
	at org.springframework.boot.web.servlet.context.WebServerStartStopLifecycle.start(WebServerStartStopLifecycle.java:46) ~[spring-boot-2.3.9.RELEASE.jar:2.3.9.RELEASE]
	at org.springframework.context.support.DefaultLifecycleProcessor.doStart(DefaultLifecycleProcessor.java:182) ~[spring-context-5.2.13.RELEASE.jar:5.2.13.RELEASE]
	at org.springframework.context.support.DefaultLifecycleProcessor.access$200(DefaultLifecycleProcessor.java:53) ~[spring-context-5.2.13.RELEASE.jar:5.2.13.RELEASE]
	at org.springframework.context.support.DefaultLifecycleProcessor$LifecycleGroup.start(DefaultLifecycleProcessor.java:360) ~[spring-context-5.2.13.RELEASE.jar:5.2.13.RELEASE]
	at org.springframework.context.support.DefaultLifecycleProcessor.startBeans(DefaultLifecycleProcessor.java:158) ~[spring-context-5.2.13.RELEASE.jar:5.2.13.RELEASE]
	at org.springframework.context.support.DefaultLifecycleProcessor.onRefresh(DefaultLifecycleProcessor.java:122) ~[spring-context-5.2.13.RELEASE.jar:5.2.13.RELEASE]
	at org.springframework.context.support.AbstractApplicationContext.finishRefresh(AbstractApplicationContext.java:895) ~[spring-context-5.2.13.RELEASE.jar:5.2.13.RELEASE]
	at org.springframework.context.support.AbstractApplicationContext.refresh(AbstractApplicationContext.java:554) ~[spring-context-5.2.13.RELEASE.jar:5.2.13.RELEASE]
	at org.springframework.boot.web.servlet.context.ServletWebServerApplicationContext.refresh(ServletWebServerApplicationContext.java:143) ~[spring-boot-2.3.9.RELEASE.jar:2.3.9.RELEASE]
	at org.springframework.boot.SpringApplication.refresh(SpringApplication.java:758) ~[spring-boot-2.3.9.RELEASE.jar:2.3.9.RELEASE]
	at org.springframework.boot.SpringApplication.refresh(SpringApplication.java:750) ~[spring-boot-2.3.9.RELEASE.jar:2.3.9.RELEASE]
	at org.springframework.boot.SpringApplication.refreshContext(SpringApplication.java:405) ~[spring-boot-2.3.9.RELEASE.jar:2.3.9.RELEASE]
	at org.springframework.boot.SpringApplication.run(SpringApplication.java:315) ~[spring-boot-2.3.9.RELEASE.jar:2.3.9.RELEASE]
	at org.springframework.boot.SpringApplication.run(SpringApplication.java:1237) ~[spring-boot-2.3.9.RELEASE.jar:2.3.9.RELEASE]
	at org.springframework.boot.SpringApplication.run(SpringApplication.java:1226) ~[spring-boot-2.3.9.RELEASE.jar:2.3.9.RELEASE]
	at mao.accountservice.AccountServiceApplication.main(AccountServiceApplication.java:12) ~[classes/:na]

2022-07-26 12:35:35.333  WARN 15920 --- [main] ConfigServletWebServerApplicationContext : Exception encountered during context initialization - cancelling refresh attempt: org.springframework.context.ApplicationContextException: Failed to start bean 'webServerStartStop'; nested exception is java.lang.reflect.UndeclaredThrowableException
2022-07-26 12:35:40.681  WARN 15920 --- [Thread-13] c.a.nacos.common.notify.NotifyCenter     : [NotifyCenter] Start destroying Publisher
2022-07-26 12:35:40.681  WARN 15920 --- [Thread-3] c.a.n.common.http.HttpClientBeanHolder   : [HttpClientBeanHolder] Start destroying common HttpClient
2022-07-26 12:35:40.681  WARN 15920 --- [Thread-13] c.a.nacos.common.notify.NotifyCenter     : [NotifyCenter] Destruction of the end
2022-07-26 12:35:40.681  WARN 15920 --- [Thread-3] c.a.n.common.http.HttpClientBeanHolder   : [HttpClientBeanHolder] Destruction of the end
2022-07-26 12:35:42.308  INFO 15920 --- [main] o.s.s.concurrent.ThreadPoolTaskExecutor  : Shutting down ExecutorService 'applicationTaskExecutor'
2022-07-26 12:35:42.309  INFO 15920 --- [main] com.alibaba.druid.pool.DruidDataSource   : {dataSource-1} closing ...
2022-07-26 12:35:42.314  INFO 15920 --- [main] com.alibaba.druid.pool.DruidDataSource   : {dataSource-1} closed
2022-07-26 12:47:21.961  INFO 10376 --- [main] m.a.AccountServiceApplication            : No active profile set, falling back to default profiles: default
2022-07-26 12:47:22.462  INFO 10376 --- [main] o.s.cloud.context.scope.GenericScope     : BeanFactory id=bc328c64-c76a-38e8-af4b-94347371b21e
2022-07-26 12:47:22.471  INFO 10376 --- [main] trationDelegate$BeanPostProcessorChecker : Bean 'io.seata.spring.boot.autoconfigure.SeataAutoConfiguration' of type [io.seata.spring.boot.autoconfigure.SeataAutoConfiguration] is not eligible for getting processed by all BeanPostProcessors (for example: not eligible for auto-proxying)
2022-07-26 12:47:22.493  INFO 10376 --- [main] trationDelegate$BeanPostProcessorChecker : Bean 'failureHandler' of type [io.seata.tm.api.DefaultFailureHandlerImpl] is not eligible for getting processed by all BeanPostProcessors (for example: not eligible for auto-proxying)
2022-07-26 12:47:22.498  INFO 10376 --- [main] trationDelegate$BeanPostProcessorChecker : Bean 'springCloudAlibabaConfiguration' of type [io.seata.spring.boot.autoconfigure.properties.SpringCloudAlibabaConfiguration] is not eligible for getting processed by all BeanPostProcessors (for example: not eligible for auto-proxying)
2022-07-26 12:47:22.500  INFO 10376 --- [main] trationDelegate$BeanPostProcessorChecker : Bean 'seataProperties' of type [io.seata.spring.boot.autoconfigure.properties.SeataProperties] is not eligible for getting processed by all BeanPostProcessors (for example: not eligible for auto-proxying)
2022-07-26 12:47:22.500  INFO 10376 --- [main] i.s.s.b.a.SeataAutoConfiguration         : Automatically configure Seata
2022-07-26 12:47:22.503  INFO 10376 --- [main] io.seata.config.FileConfiguration        : The file name of the operation is registry
2022-07-26 12:47:22.536  INFO 10376 --- [main] io.seata.config.ConfigurationFactory     : load Configuration:FileConfiguration$$EnhancerByCGLIB$$862af1eb
2022-07-26 12:47:22.539  INFO 10376 --- [main] trationDelegate$BeanPostProcessorChecker : Bean 'configProperties' of type [io.seata.spring.boot.autoconfigure.properties.config.ConfigProperties] is not eligible for getting processed by all BeanPostProcessors (for example: not eligible for auto-proxying)
2022-07-26 12:47:22.544  INFO 10376 --- [main] trationDelegate$BeanPostProcessorChecker : Bean 'configNacosProperties' of type [io.seata.spring.boot.autoconfigure.properties.config.ConfigNacosProperties] is not eligible for getting processed by all BeanPostProcessors (for example: not eligible for auto-proxying)
2022-07-26 12:47:22.788  INFO 10376 --- [main] i.s.s.a.GlobalTransactionScanner         : Initializing Global Transaction Clients ... 
2022-07-26 12:47:22.889  INFO 10376 --- [main] i.s.core.rpc.netty.NettyClientBootstrap  : NettyClientBootstrap has started
2022-07-26 12:47:22.889  INFO 10376 --- [main] i.s.s.a.GlobalTransactionScanner         : Transaction Manager Client is initialized. applicationId[account-service] txServiceGroup[seata-tx-service-group]
2022-07-26 12:47:22.899  INFO 10376 --- [main] io.seata.rm.datasource.AsyncWorker       : Async Commit Buffer Limit: 10000
2022-07-26 12:47:22.899  INFO 10376 --- [main] i.s.rm.datasource.xa.ResourceManagerXA   : ResourceManagerXA init ...
2022-07-26 12:47:22.910  INFO 10376 --- [main] i.s.core.rpc.netty.NettyClientBootstrap  : NettyClientBootstrap has started
2022-07-26 12:47:22.910  INFO 10376 --- [main] i.s.s.a.GlobalTransactionScanner         : Resource Manager is initialized. applicationId[account-service] txServiceGroup[seata-tx-service-group]
2022-07-26 12:47:22.910  INFO 10376 --- [main] i.s.s.a.GlobalTransactionScanner         : Global Transaction Clients are initialized. 
2022-07-26 12:47:22.912  INFO 10376 --- [main] trationDelegate$BeanPostProcessorChecker : Bean 'io.seata.spring.boot.autoconfigure.SeataDataSourceAutoConfiguration' of type [io.seata.spring.boot.autoconfigure.SeataDataSourceAutoConfiguration] is not eligible for getting processed by all BeanPostProcessors (for example: not eligible for auto-proxying)
2022-07-26 12:47:23.129  INFO 10376 --- [main] o.s.b.w.embedded.tomcat.TomcatWebServer  : Tomcat initialized with port(s): 8083 (http)
2022-07-26 12:47:23.135  INFO 10376 --- [main] o.apache.catalina.core.StandardService   : Starting service [Tomcat]
2022-07-26 12:47:23.136  INFO 10376 --- [main] org.apache.catalina.core.StandardEngine  : Starting Servlet engine: [Apache Tomcat/9.0.43]
2022-07-26 12:47:23.241  INFO 10376 --- [main] o.a.c.c.C.[Tomcat].[localhost].[/]       : Initializing Spring embedded WebApplicationContext
2022-07-26 12:47:23.241  INFO 10376 --- [main] w.s.c.ServletWebServerApplicationContext : Root WebApplicationContext: initialization completed in 1267 ms
2022-07-26 12:47:23.309  INFO 10376 --- [main] c.a.d.s.b.a.DruidDataSourceAutoConfigure : Init DruidDataSource
2022-07-26 12:47:23.395  INFO 10376 --- [main] com.alibaba.druid.pool.DruidDataSource   : {dataSource-1} inited
2022-07-26 12:47:23.405  INFO 10376 --- [main] .s.s.a.d.SeataAutoDataSourceProxyCreator : Auto proxy of [dataSource]
2022-07-26 12:47:23.670  INFO 10376 --- [main] i.s.c.r.netty.NettyClientChannelManager  : will connect to 172.17.144.1:8091
2022-07-26 12:47:23.671  INFO 10376 --- [main] i.s.c.rpc.netty.RmNettyRemotingClient    : RM will register :jdbc:mysql://localhost:3306/seata_demo
2022-07-26 12:47:23.672  INFO 10376 --- [main] i.s.core.rpc.netty.NettyPoolableFactory  : NettyPool create channel to transactionRole:RMROLE,address:172.17.144.1:8091,msg:< RegisterRMRequest{resourceIds='jdbc:mysql://localhost:3306/seata_demo', applicationId='account-service', transactionServiceGroup='seata-tx-service-group'} >
2022-07-26 12:47:23.894  INFO 10376 --- [main] i.s.c.rpc.netty.RmNettyRemotingClient    : register RM success. client version:1.4.2, server version:1.4.2,channel:[id: 0x128f7159, L:/172.17.144.1:65513 - R:/172.17.144.1:8091]
2022-07-26 12:47:23.900  INFO 10376 --- [main] i.s.core.rpc.netty.NettyPoolableFactory  : register success, cost 134 ms, version:1.4.2,role:RMROLE,channel:[id: 0x128f7159, L:/172.17.144.1:65513 - R:/172.17.144.1:8091]
2022-07-26 12:47:24.212  WARN 10376 --- [main] c.n.c.sources.URLConfigurationSource     : No URLs will be polled as dynamic configuration sources.
2022-07-26 12:47:24.212  INFO 10376 --- [main] c.n.c.sources.URLConfigurationSource     : To enable URLs as dynamic configuration sources, define System property archaius.configurationSource.additionalUrls or make config.properties available on classpath.
2022-07-26 12:47:24.215  WARN 10376 --- [main] c.n.c.sources.URLConfigurationSource     : No URLs will be polled as dynamic configuration sources.
2022-07-26 12:47:24.215  INFO 10376 --- [main] c.n.c.sources.URLConfigurationSource     : To enable URLs as dynamic configuration sources, define System property archaius.configurationSource.additionalUrls or make config.properties available on classpath.
2022-07-26 12:47:24.312  INFO 10376 --- [main] o.s.s.concurrent.ThreadPoolTaskExecutor  : Initializing ExecutorService 'applicationTaskExecutor'
2022-07-26 12:47:24.501  INFO 10376 --- [main] o.s.s.c.ThreadPoolTaskScheduler          : Initializing ExecutorService 'Nacos-Watch-Task-Scheduler'
2022-07-26 12:47:24.806  INFO 10376 --- [main] o.s.b.w.embedded.tomcat.TomcatWebServer  : Tomcat started on port(s): 8083 (http) with context path ''
2022-07-26 12:47:24.832  INFO 10376 --- [main] c.a.c.n.registry.NacosServiceRegistry    : nacos registry, DEFAULT_GROUP account-service 192.168.202.1:8083 register finished
2022-07-26 12:47:24.953  INFO 10376 --- [main] m.a.AccountServiceApplication            : Started AccountServiceApplication in 3.833 seconds (JVM running for 4.396)
2022-07-26 12:48:22.881  INFO 10376 --- [timeoutChecker_1_1] i.s.c.r.netty.NettyClientChannelManager  : will connect to 172.17.144.1:8091
2022-07-26 12:48:22.882  INFO 10376 --- [timeoutChecker_1_1] i.s.core.rpc.netty.NettyPoolableFactory  : NettyPool create channel to transactionRole:TMROLE,address:172.17.144.1:8091,msg:< RegisterTMRequest{applicationId='account-service', transactionServiceGroup='seata-tx-service-group'} >
2022-07-26 12:48:22.894  INFO 10376 --- [timeoutChecker_1_1] i.s.c.rpc.netty.TmNettyRemotingClient    : register TM success. client version:1.4.2, server version:1.4.2,channel:[id: 0x52e87386, L:/172.17.144.1:49256 - R:/172.17.144.1:8091]
2022-07-26 12:48:22.894  INFO 10376 --- [timeoutChecker_1_1] i.s.core.rpc.netty.NettyPoolableFactory  : register success, cost 9 ms, version:1.4.2,role:TMROLE,channel:[id: 0x52e87386, L:/172.17.144.1:49256 - R:/172.17.144.1:8091]
