2022-07-28 14:38:15.571  INFO 10712 --- [main] m.orderservice.OrderServiceApplication   : No active profile set, falling back to default profiles: default
2022-07-28 14:38:16.234  INFO 10712 --- [main] o.s.cloud.context.scope.GenericScope     : BeanFactory id=49e36265-0346-35d4-84fb-39196acbeec2
2022-07-28 14:38:16.247  INFO 10712 --- [main] trationDelegate$BeanPostProcessorChecker : Bean 'io.seata.spring.boot.autoconfigure.SeataAutoConfiguration' of type [io.seata.spring.boot.autoconfigure.SeataAutoConfiguration] is not eligible for getting processed by all BeanPostProcessors (for example: not eligible for auto-proxying)
2022-07-28 14:38:16.273  INFO 10712 --- [main] trationDelegate$BeanPostProcessorChecker : Bean 'failureHandler' of type [io.seata.tm.api.DefaultFailureHandlerImpl] is not eligible for getting processed by all BeanPostProcessors (for example: not eligible for auto-proxying)
2022-07-28 14:38:16.279  INFO 10712 --- [main] trationDelegate$BeanPostProcessorChecker : Bean 'springCloudAlibabaConfiguration' of type [io.seata.spring.boot.autoconfigure.properties.SpringCloudAlibabaConfiguration] is not eligible for getting processed by all BeanPostProcessors (for example: not eligible for auto-proxying)
2022-07-28 14:38:16.283  INFO 10712 --- [main] trationDelegate$BeanPostProcessorChecker : Bean 'seataProperties' of type [io.seata.spring.boot.autoconfigure.properties.SeataProperties] is not eligible for getting processed by all BeanPostProcessors (for example: not eligible for auto-proxying)
2022-07-28 14:38:16.284  INFO 10712 --- [main] i.s.s.b.a.SeataAutoConfiguration         : Automatically configure Seata
2022-07-28 14:38:16.288  INFO 10712 --- [main] io.seata.config.FileConfiguration        : The file name of the operation is registry
2022-07-28 14:38:16.333  INFO 10712 --- [main] io.seata.config.ConfigurationFactory     : load Configuration:FileConfiguration$$EnhancerByCGLIB$$862af1eb
2022-07-28 14:38:16.337  INFO 10712 --- [main] trationDelegate$BeanPostProcessorChecker : Bean 'configProperties' of type [io.seata.spring.boot.autoconfigure.properties.config.ConfigProperties] is not eligible for getting processed by all BeanPostProcessors (for example: not eligible for auto-proxying)
2022-07-28 14:38:16.345  INFO 10712 --- [main] trationDelegate$BeanPostProcessorChecker : Bean 'configNacosProperties' of type [io.seata.spring.boot.autoconfigure.properties.config.ConfigNacosProperties] is not eligible for getting processed by all BeanPostProcessors (for example: not eligible for auto-proxying)
2022-07-28 14:38:16.608  INFO 10712 --- [main] i.s.s.a.GlobalTransactionScanner         : Initializing Global Transaction Clients ... 
2022-07-28 14:38:16.759  INFO 10712 --- [main] i.s.core.rpc.netty.NettyClientBootstrap  : NettyClientBootstrap has started
2022-07-28 14:38:16.760  INFO 10712 --- [main] i.s.s.a.GlobalTransactionScanner         : Transaction Manager Client is initialized. applicationId[order-service] txServiceGroup[seata-tx-service-group]
2022-07-28 14:38:16.775  INFO 10712 --- [main] io.seata.rm.datasource.AsyncWorker       : Async Commit Buffer Limit: 10000
2022-07-28 14:38:16.776  INFO 10712 --- [main] i.s.rm.datasource.xa.ResourceManagerXA   : ResourceManagerXA init ...
2022-07-28 14:38:16.783  INFO 10712 --- [main] i.s.core.rpc.netty.NettyClientBootstrap  : NettyClientBootstrap has started
2022-07-28 14:38:16.783  INFO 10712 --- [main] i.s.s.a.GlobalTransactionScanner         : Resource Manager is initialized. applicationId[order-service] txServiceGroup[seata-tx-service-group]
2022-07-28 14:38:16.783  INFO 10712 --- [main] i.s.s.a.GlobalTransactionScanner         : Global Transaction Clients are initialized. 
2022-07-28 14:38:16.786  INFO 10712 --- [main] trationDelegate$BeanPostProcessorChecker : Bean 'io.seata.spring.boot.autoconfigure.SeataDataSourceAutoConfiguration' of type [io.seata.spring.boot.autoconfigure.SeataDataSourceAutoConfiguration] is not eligible for getting processed by all BeanPostProcessors (for example: not eligible for auto-proxying)
2022-07-28 14:38:16.868  INFO 10712 --- [main] trationDelegate$BeanPostProcessorChecker : Bean 'com.alibaba.cloud.seata.feign.SeataFeignClientAutoConfiguration$FeignBeanPostProcessorConfiguration' of type [com.alibaba.cloud.seata.feign.SeataFeignClientAutoConfiguration$FeignBeanPostProcessorConfiguration] is not eligible for getting processed by all BeanPostProcessors (for example: not eligible for auto-proxying)
2022-07-28 14:38:16.873  INFO 10712 --- [main] trationDelegate$BeanPostProcessorChecker : Bean 'seataFeignObjectWrapper' of type [com.alibaba.cloud.seata.feign.SeataFeignObjectWrapper] is not eligible for getting processed by all BeanPostProcessors (for example: not eligible for auto-proxying)
2022-07-28 14:38:17.091  INFO 10712 --- [main] o.s.b.w.embedded.tomcat.TomcatWebServer  : Tomcat initialized with port(s): 8082 (http)
2022-07-28 14:38:17.102  INFO 10712 --- [main] o.apache.catalina.core.StandardService   : Starting service [Tomcat]
2022-07-28 14:38:17.103  INFO 10712 --- [main] org.apache.catalina.core.StandardEngine  : Starting Servlet engine: [Apache Tomcat/9.0.43]
2022-07-28 14:38:17.265  INFO 10712 --- [main] o.a.c.c.C.[Tomcat].[localhost].[/]       : Initializing Spring embedded WebApplicationContext
2022-07-28 14:38:17.266  INFO 10712 --- [main] w.s.c.ServletWebServerApplicationContext : Root WebApplicationContext: initialization completed in 1674 ms
2022-07-28 14:38:17.649  INFO 10712 --- [main] c.a.d.s.b.a.DruidDataSourceAutoConfigure : Init DruidDataSource
2022-07-28 14:38:17.746  INFO 10712 --- [main] com.alibaba.druid.pool.DruidDataSource   : {dataSource-1} inited
2022-07-28 14:38:17.756  INFO 10712 --- [main] .s.s.a.d.SeataAutoDataSourceProxyCreator : Auto proxy of [dataSource]
2022-07-28 14:38:18.084  INFO 10712 --- [main] i.s.c.r.netty.NettyClientChannelManager  : will connect to 172.22.144.1:8091
2022-07-28 14:38:18.084  INFO 10712 --- [main] i.s.c.rpc.netty.RmNettyRemotingClient    : RM will register :jdbc:mysql://localhost:3306/seata_demo
2022-07-28 14:38:18.086  INFO 10712 --- [main] i.s.core.rpc.netty.NettyPoolableFactory  : NettyPool create channel to transactionRole:RMROLE,address:172.22.144.1:8091,msg:< RegisterRMRequest{resourceIds='jdbc:mysql://localhost:3306/seata_demo', applicationId='order-service', transactionServiceGroup='seata-tx-service-group'} >
2022-07-28 14:38:18.228  INFO 10712 --- [main] i.s.c.rpc.netty.RmNettyRemotingClient    : register RM success. client version:1.4.2, server version:1.4.2,channel:[id: 0xe9f2bb27, L:/172.22.144.1:58758 - R:/172.22.144.1:8091]
2022-07-28 14:38:18.234  INFO 10712 --- [main] i.s.core.rpc.netty.NettyPoolableFactory  : register success, cost 52 ms, version:1.4.2,role:RMROLE,channel:[id: 0xe9f2bb27, L:/172.22.144.1:58758 - R:/172.22.144.1:8091]
2022-07-28 14:38:18.532  INFO 10712 --- [main] i.s.s.a.GlobalTransactionScanner         : Bean[mao.orderservice.service.impl.OrderServiceImpl] with name [orderServiceImpl] would use interceptor [io.seata.spring.annotation.GlobalTransactionalInterceptor]
2022-07-28 14:38:18.571  WARN 10712 --- [main] c.n.c.sources.URLConfigurationSource     : No URLs will be polled as dynamic configuration sources.
2022-07-28 14:38:18.572  INFO 10712 --- [main] c.n.c.sources.URLConfigurationSource     : To enable URLs as dynamic configuration sources, define System property archaius.configurationSource.additionalUrls or make config.properties available on classpath.
2022-07-28 14:38:18.575  WARN 10712 --- [main] c.n.c.sources.URLConfigurationSource     : No URLs will be polled as dynamic configuration sources.
2022-07-28 14:38:18.575  INFO 10712 --- [main] c.n.c.sources.URLConfigurationSource     : To enable URLs as dynamic configuration sources, define System property archaius.configurationSource.additionalUrls or make config.properties available on classpath.
2022-07-28 14:38:18.672  INFO 10712 --- [main] o.s.s.concurrent.ThreadPoolTaskExecutor  : Initializing ExecutorService 'applicationTaskExecutor'
2022-07-28 14:38:18.732  INFO 10712 --- [main] o.s.b.a.w.s.WelcomePageHandlerMapping    : Adding welcome page: class path resource [static/index.html]
2022-07-28 14:38:18.868  INFO 10712 --- [main] o.s.s.c.ThreadPoolTaskScheduler          : Initializing ExecutorService 'Nacos-Watch-Task-Scheduler'
2022-07-28 14:38:19.149  INFO 10712 --- [main] o.s.b.w.embedded.tomcat.TomcatWebServer  : Tomcat started on port(s): 8082 (http) with context path ''
2022-07-28 14:38:19.156  INFO 10712 --- [main] c.a.c.n.registry.NacosServiceRegistry    : nacos registry, DEFAULT_GROUP order-service 192.168.202.1:8082 register finished
2022-07-28 14:38:19.262  INFO 10712 --- [main] m.orderservice.OrderServiceApplication   : Started OrderServiceApplication in 4.508 seconds (JVM running for 5.425)
2022-07-28 14:39:16.749  INFO 10712 --- [timeoutChecker_1_1] i.s.c.r.netty.NettyClientChannelManager  : will connect to 172.22.144.1:8091
2022-07-28 14:39:16.750  INFO 10712 --- [timeoutChecker_1_1] i.s.core.rpc.netty.NettyPoolableFactory  : NettyPool create channel to transactionRole:TMROLE,address:172.22.144.1:8091,msg:< RegisterTMRequest{applicationId='order-service', transactionServiceGroup='seata-tx-service-group'} >
2022-07-28 14:39:16.759  INFO 10712 --- [timeoutChecker_1_1] i.s.c.rpc.netty.TmNettyRemotingClient    : register TM success. client version:1.4.2, server version:1.4.2,channel:[id: 0x59a6dd12, L:/172.22.144.1:58994 - R:/172.22.144.1:8091]
2022-07-28 14:39:16.760  INFO 10712 --- [timeoutChecker_1_1] i.s.core.rpc.netty.NettyPoolableFactory  : register success, cost 8 ms, version:1.4.2,role:TMROLE,channel:[id: 0x59a6dd12, L:/172.22.144.1:58994 - R:/172.22.144.1:8091]
2022-07-28 14:39:52.560  INFO 10712 --- [rpcDispatch_RMROLE_1_1_32] i.s.c.r.p.client.RmUndoLogProcessor      : rm handle undo log process:UndoLogDeleteRequest{resourceId='jdbc:mysql://localhost:3306/seata_demo', saveDays=7, branchType=AT}
2022-07-28 14:39:52.567  WARN 10712 --- [rpcDispatch_RMROLE_1_1_32] c.a.druid.pool.DruidAbstractDataSource   : discard long time none received connection. , jdbcUrl : jdbc:mysql://localhost:3306/seata_demo?useUnicode=true&characterEncoding=utf8&allowMultiQueries=true&useSSL=false, version : 1.2.8, lastPacketReceivedIdleMillis : 94683
2022-07-28 14:42:10.927  INFO 10712 --- [http-nio-8082-exec-6] o.a.c.c.C.[Tomcat].[localhost].[/]       : Initializing Spring DispatcherServlet 'dispatcherServlet'
2022-07-28 14:42:10.927  INFO 10712 --- [http-nio-8082-exec-6] o.s.web.servlet.DispatcherServlet        : Initializing Servlet 'dispatcherServlet'
2022-07-28 14:42:10.932  INFO 10712 --- [http-nio-8082-exec-6] o.s.web.servlet.DispatcherServlet        : Completed initialization in 4 ms
2022-07-28 14:45:50.693  INFO 10712 --- [http-nio-8082-exec-8] io.seata.tm.TransactionManagerHolder     : TransactionManager Singleton io.seata.tm.DefaultTransactionManager@1baf4de6
2022-07-28 14:45:50.851  INFO 10712 --- [http-nio-8082-exec-8] i.seata.tm.api.DefaultGlobalTransaction  : Begin new global transaction [172.22.144.1:8091:360576963514531841]
2022-07-28 14:45:50.880  WARN 10712 --- [http-nio-8082-exec-8] c.a.druid.pool.DruidAbstractDataSource   : discard long time none received connection. , jdbcUrl : jdbc:mysql://localhost:3306/seata_demo?useUnicode=true&characterEncoding=utf8&allowMultiQueries=true&useSSL=false, version : 1.2.8, lastPacketReceivedIdleMillis : 358272
2022-07-28 14:45:50.893 DEBUG 10712 --- [http-nio-8082-exec-8] m.o.mapper.OrderMapper.insert            : ==>  Preparing: INSERT INTO order_tbl ( user_id, commodity_code, count, money ) VALUES ( ?, ?, ?, ? )
2022-07-28 14:45:50.902 DEBUG 10712 --- [http-nio-8082-exec-8] m.o.mapper.OrderMapper.insert            : ==> Parameters: user202103032042012(String), 100202003032041(String), 9(Integer), 20(Integer)
2022-07-28 14:45:51.087 DEBUG 10712 --- [http-nio-8082-exec-8] m.o.mapper.OrderMapper.insert            : <==    Updates: 1
2022-07-28 14:45:51.091 DEBUG 10712 --- [http-nio-8082-exec-8] m.orderservice.feign.AccountFeignClient  : [AccountFeignClient#deduct] ---> PUT http://account-service/account/user202103032042012/20 HTTP/1.1
2022-07-28 14:45:51.175  INFO 10712 --- [http-nio-8082-exec-8] c.netflix.config.ChainedDynamicProperty  : Flipping property: account-service.ribbon.ActiveConnectionsLimit to use NEXT property: niws.loadbalancer.availabilityFilteringRule.activeConnectionsLimit = 2147483647
2022-07-28 14:45:51.187  INFO 10712 --- [http-nio-8082-exec-8] c.netflix.loadbalancer.BaseLoadBalancer  : Client: account-service instantiated a LoadBalancer: DynamicServerListLoadBalancer:{NFLoadBalancer:name=account-service,current list of Servers=[],Load balancer stats=Zone stats: {},Server stats: []}ServerList:null
2022-07-28 14:45:51.199  INFO 10712 --- [http-nio-8082-exec-8] c.n.l.DynamicServerListLoadBalancer      : Using serverListUpdater PollingServerListUpdater
2022-07-28 14:45:51.218  INFO 10712 --- [http-nio-8082-exec-8] c.netflix.config.ChainedDynamicProperty  : Flipping property: account-service.ribbon.ActiveConnectionsLimit to use NEXT property: niws.loadbalancer.availabilityFilteringRule.activeConnectionsLimit = 2147483647
2022-07-28 14:45:51.223  INFO 10712 --- [http-nio-8082-exec-8] c.n.l.DynamicServerListLoadBalancer      : DynamicServerListLoadBalancer for client account-service initialized: DynamicServerListLoadBalancer:{NFLoadBalancer:name=account-service,current list of Servers=[192.168.202.1:8083],Load balancer stats=Zone stats: {unknown=[Zone:unknown;	Instance count:1;	Active connections count: 0;	Circuit breaker tripped count: 0;	Active connections per server: 0.0;]
},Server stats: [[Server:192.168.202.1:8083;	Zone:UNKNOWN;	Total Requests:0;	Successive connection failure:0;	Total blackout seconds:0;	Last connection made:Thu Jan 01 08:00:00 CST 1970;	First connection made: Thu Jan 01 08:00:00 CST 1970;	Active Connections:0;	total failure count in last (1000) msecs:0;	average resp time:0.0;	90 percentile resp time:0.0;	95 percentile resp time:0.0;	min resp time:0.0;	max resp time:0.0;	stddev resp time:0.0]
]}ServerList:com.alibaba.cloud.nacos.ribbon.NacosServerList@6e12a692
2022-07-28 14:45:51.492 DEBUG 10712 --- [http-nio-8082-exec-8] m.orderservice.feign.AccountFeignClient  : [AccountFeignClient#deduct] <--- HTTP/1.1 204  (401ms)
2022-07-28 14:45:51.494 DEBUG 10712 --- [http-nio-8082-exec-8] m.orderservice.feign.StorageFeignClient  : [StorageFeignClient#deduct] ---> PUT http://storage-service/storage/100202003032041/9 HTTP/1.1
2022-07-28 14:45:51.512  INFO 10712 --- [http-nio-8082-exec-8] c.netflix.config.ChainedDynamicProperty  : Flipping property: storage-service.ribbon.ActiveConnectionsLimit to use NEXT property: niws.loadbalancer.availabilityFilteringRule.activeConnectionsLimit = 2147483647
2022-07-28 14:45:51.515  INFO 10712 --- [http-nio-8082-exec-8] c.netflix.loadbalancer.BaseLoadBalancer  : Client: storage-service instantiated a LoadBalancer: DynamicServerListLoadBalancer:{NFLoadBalancer:name=storage-service,current list of Servers=[],Load balancer stats=Zone stats: {},Server stats: []}ServerList:null
2022-07-28 14:45:51.523  INFO 10712 --- [http-nio-8082-exec-8] c.n.l.DynamicServerListLoadBalancer      : Using serverListUpdater PollingServerListUpdater
2022-07-28 14:45:51.537  INFO 10712 --- [http-nio-8082-exec-8] c.netflix.config.ChainedDynamicProperty  : Flipping property: storage-service.ribbon.ActiveConnectionsLimit to use NEXT property: niws.loadbalancer.availabilityFilteringRule.activeConnectionsLimit = 2147483647
2022-07-28 14:45:51.540  INFO 10712 --- [http-nio-8082-exec-8] c.n.l.DynamicServerListLoadBalancer      : DynamicServerListLoadBalancer for client storage-service initialized: DynamicServerListLoadBalancer:{NFLoadBalancer:name=storage-service,current list of Servers=[192.168.202.1:8081],Load balancer stats=Zone stats: {unknown=[Zone:unknown;	Instance count:1;	Active connections count: 0;	Circuit breaker tripped count: 0;	Active connections per server: 0.0;]
},Server stats: [[Server:192.168.202.1:8081;	Zone:UNKNOWN;	Total Requests:0;	Successive connection failure:0;	Total blackout seconds:0;	Last connection made:Thu Jan 01 08:00:00 CST 1970;	First connection made: Thu Jan 01 08:00:00 CST 1970;	Active Connections:0;	total failure count in last (1000) msecs:0;	average resp time:0.0;	90 percentile resp time:0.0;	95 percentile resp time:0.0;	min resp time:0.0;	max resp time:0.0;	stddev resp time:0.0]
]}ServerList:com.alibaba.cloud.nacos.ribbon.NacosServerList@419b5a9c
2022-07-28 14:45:51.838 DEBUG 10712 --- [http-nio-8082-exec-8] m.orderservice.feign.StorageFeignClient  : [StorageFeignClient#deduct] <--- HTTP/1.1 500  (343ms)
2022-07-28 14:45:51.842 ERROR 10712 --- [http-nio-8082-exec-8] m.o.service.impl.OrderServiceImpl        : 下单失败，原因:{"timestamp":"2022-07-28T06:45:51.820+00:00","status":500,"error":"Internal Server Error","message":"","path":"/storage/100202003032041/9"}

feign.FeignException$InternalServerError: [500 ] during [PUT] to [http://storage-service/storage/100202003032041/9] [StorageFeignClient#deduct(String,Integer)]: [{"timestamp":"2022-07-28T06:45:51.820+00:00","status":500,"error":"Internal Server Error","message":"","path":"/storage/100202003032041/9"}]
	at feign.FeignException.serverErrorStatus(FeignException.java:231) ~[feign-core-10.10.1.jar:na]
	at feign.FeignException.errorStatus(FeignException.java:180) ~[feign-core-10.10.1.jar:na]
	at feign.FeignException.errorStatus(FeignException.java:169) ~[feign-core-10.10.1.jar:na]
	at feign.codec.ErrorDecoder$Default.decode(ErrorDecoder.java:92) ~[feign-core-10.10.1.jar:na]
	at feign.AsyncResponseHandler.handleResponse(AsyncResponseHandler.java:96) ~[feign-core-10.10.1.jar:na]
	at feign.SynchronousMethodHandler.executeAndDecode(SynchronousMethodHandler.java:138) ~[feign-core-10.10.1.jar:na]
	at feign.SynchronousMethodHandler.invoke(SynchronousMethodHandler.java:89) ~[feign-core-10.10.1.jar:na]
	at feign.ReflectiveFeign$FeignInvocationHandler.invoke(ReflectiveFeign.java:100) ~[feign-core-10.10.1.jar:na]
	at jdk.proxy2/jdk.proxy2.$Proxy83.deduct(Unknown Source) ~[na:na]
	at mao.orderservice.service.impl.OrderServiceImpl.create(OrderServiceImpl.java:52) ~[classes/:na]
	at mao.orderservice.service.impl.OrderServiceImpl$$FastClassBySpringCGLIB$$a92aac68.invoke(<generated>) ~[classes/:na]
	at org.springframework.cglib.proxy.MethodProxy.invoke(MethodProxy.java:218) ~[spring-core-5.2.13.RELEASE.jar:5.2.13.RELEASE]
	at org.springframework.aop.framework.CglibAopProxy$CglibMethodInvocation.invokeJoinpoint(CglibAopProxy.java:771) ~[spring-aop-5.2.13.RELEASE.jar:5.2.13.RELEASE]
	at org.springframework.aop.framework.ReflectiveMethodInvocation.proceed(ReflectiveMethodInvocation.java:163) ~[spring-aop-5.2.13.RELEASE.jar:5.2.13.RELEASE]
	at org.springframework.aop.framework.CglibAopProxy$CglibMethodInvocation.proceed(CglibAopProxy.java:749) ~[spring-aop-5.2.13.RELEASE.jar:5.2.13.RELEASE]
	at io.seata.spring.annotation.GlobalTransactionalInterceptor$2.execute(GlobalTransactionalInterceptor.java:184) ~[seata-all-1.4.2.jar:1.4.2]
	at io.seata.tm.api.TransactionalTemplate.execute(TransactionalTemplate.java:127) ~[seata-all-1.4.2.jar:1.4.2]
	at io.seata.spring.annotation.GlobalTransactionalInterceptor.handleGlobalTransaction(GlobalTransactionalInterceptor.java:181) ~[seata-all-1.4.2.jar:1.4.2]
	at io.seata.spring.annotation.GlobalTransactionalInterceptor.invoke(GlobalTransactionalInterceptor.java:150) ~[seata-all-1.4.2.jar:1.4.2]
	at org.springframework.aop.framework.ReflectiveMethodInvocation.proceed(ReflectiveMethodInvocation.java:186) ~[spring-aop-5.2.13.RELEASE.jar:5.2.13.RELEASE]
	at org.springframework.aop.framework.CglibAopProxy$CglibMethodInvocation.proceed(CglibAopProxy.java:749) ~[spring-aop-5.2.13.RELEASE.jar:5.2.13.RELEASE]
	at org.springframework.aop.framework.CglibAopProxy$DynamicAdvisedInterceptor.intercept(CglibAopProxy.java:691) ~[spring-aop-5.2.13.RELEASE.jar:5.2.13.RELEASE]
	at mao.orderservice.service.impl.OrderServiceImpl$$EnhancerBySpringCGLIB$$8451a050.create(<generated>) ~[classes/:na]
	at mao.orderservice.controller.OrderController.createOrder(OrderController.java:41) ~[classes/:na]
	at java.base/jdk.internal.reflect.NativeMethodAccessorImpl.invoke0(Native Method) ~[na:na]
	at java.base/jdk.internal.reflect.NativeMethodAccessorImpl.invoke(NativeMethodAccessorImpl.java:78) ~[na:na]
	at java.base/jdk.internal.reflect.DelegatingMethodAccessorImpl.invoke(DelegatingMethodAccessorImpl.java:43) ~[na:na]
	at java.base/java.lang.reflect.Method.invoke(Method.java:567) ~[na:na]
	at org.springframework.web.method.support.InvocableHandlerMethod.doInvoke(InvocableHandlerMethod.java:190) ~[spring-web-5.2.13.RELEASE.jar:5.2.13.RELEASE]
	at org.springframework.web.method.support.InvocableHandlerMethod.invokeForRequest(InvocableHandlerMethod.java:138) ~[spring-web-5.2.13.RELEASE.jar:5.2.13.RELEASE]
	at org.springframework.web.servlet.mvc.method.annotation.ServletInvocableHandlerMethod.invokeAndHandle(ServletInvocableHandlerMethod.java:105) ~[spring-webmvc-5.2.13.RELEASE.jar:5.2.13.RELEASE]
	at org.springframework.web.servlet.mvc.method.annotation.RequestMappingHandlerAdapter.invokeHandlerMethod(RequestMappingHandlerAdapter.java:878) ~[spring-webmvc-5.2.13.RELEASE.jar:5.2.13.RELEASE]
	at org.springframework.web.servlet.mvc.method.annotation.RequestMappingHandlerAdapter.handleInternal(RequestMappingHandlerAdapter.java:792) ~[spring-webmvc-5.2.13.RELEASE.jar:5.2.13.RELEASE]
	at org.springframework.web.servlet.mvc.method.AbstractHandlerMethodAdapter.handle(AbstractHandlerMethodAdapter.java:87) ~[spring-webmvc-5.2.13.RELEASE.jar:5.2.13.RELEASE]
	at org.springframework.web.servlet.DispatcherServlet.doDispatch(DispatcherServlet.java:1040) ~[spring-webmvc-5.2.13.RELEASE.jar:5.2.13.RELEASE]
	at org.springframework.web.servlet.DispatcherServlet.doService(DispatcherServlet.java:943) ~[spring-webmvc-5.2.13.RELEASE.jar:5.2.13.RELEASE]
	at org.springframework.web.servlet.FrameworkServlet.processRequest(FrameworkServlet.java:1006) ~[spring-webmvc-5.2.13.RELEASE.jar:5.2.13.RELEASE]
	at org.springframework.web.servlet.FrameworkServlet.doPost(FrameworkServlet.java:909) ~[spring-webmvc-5.2.13.RELEASE.jar:5.2.13.RELEASE]
	at javax.servlet.http.HttpServlet.service(HttpServlet.java:652) ~[tomcat-embed-core-9.0.43.jar:4.0.FR]
	at org.springframework.web.servlet.FrameworkServlet.service(FrameworkServlet.java:883) ~[spring-webmvc-5.2.13.RELEASE.jar:5.2.13.RELEASE]
	at javax.servlet.http.HttpServlet.service(HttpServlet.java:733) ~[tomcat-embed-core-9.0.43.jar:4.0.FR]
	at org.apache.catalina.core.ApplicationFilterChain.internalDoFilter(ApplicationFilterChain.java:227) ~[tomcat-embed-core-9.0.43.jar:9.0.43]
	at org.apache.catalina.core.ApplicationFilterChain.doFilter(ApplicationFilterChain.java:162) ~[tomcat-embed-core-9.0.43.jar:9.0.43]
	at org.apache.tomcat.websocket.server.WsFilter.doFilter(WsFilter.java:53) ~[tomcat-embed-websocket-9.0.43.jar:9.0.43]
	at org.apache.catalina.core.ApplicationFilterChain.internalDoFilter(ApplicationFilterChain.java:189) ~[tomcat-embed-core-9.0.43.jar:9.0.43]
	at org.apache.catalina.core.ApplicationFilterChain.doFilter(ApplicationFilterChain.java:162) ~[tomcat-embed-core-9.0.43.jar:9.0.43]
	at org.springframework.web.filter.RequestContextFilter.doFilterInternal(RequestContextFilter.java:100) ~[spring-web-5.2.13.RELEASE.jar:5.2.13.RELEASE]
	at org.springframework.web.filter.OncePerRequestFilter.doFilter(OncePerRequestFilter.java:119) ~[spring-web-5.2.13.RELEASE.jar:5.2.13.RELEASE]
	at org.apache.catalina.core.ApplicationFilterChain.internalDoFilter(ApplicationFilterChain.java:189) ~[tomcat-embed-core-9.0.43.jar:9.0.43]
	at org.apache.catalina.core.ApplicationFilterChain.doFilter(ApplicationFilterChain.java:162) ~[tomcat-embed-core-9.0.43.jar:9.0.43]
	at org.springframework.web.filter.FormContentFilter.doFilterInternal(FormContentFilter.java:93) ~[spring-web-5.2.13.RELEASE.jar:5.2.13.RELEASE]
	at org.springframework.web.filter.OncePerRequestFilter.doFilter(OncePerRequestFilter.java:119) ~[spring-web-5.2.13.RELEASE.jar:5.2.13.RELEASE]
	at org.apache.catalina.core.ApplicationFilterChain.internalDoFilter(ApplicationFilterChain.java:189) ~[tomcat-embed-core-9.0.43.jar:9.0.43]
	at org.apache.catalina.core.ApplicationFilterChain.doFilter(ApplicationFilterChain.java:162) ~[tomcat-embed-core-9.0.43.jar:9.0.43]
	at org.springframework.web.filter.CharacterEncodingFilter.doFilterInternal(CharacterEncodingFilter.java:201) ~[spring-web-5.2.13.RELEASE.jar:5.2.13.RELEASE]
	at org.springframework.web.filter.OncePerRequestFilter.doFilter(OncePerRequestFilter.java:119) ~[spring-web-5.2.13.RELEASE.jar:5.2.13.RELEASE]
	at org.apache.catalina.core.ApplicationFilterChain.internalDoFilter(ApplicationFilterChain.java:189) ~[tomcat-embed-core-9.0.43.jar:9.0.43]
	at org.apache.catalina.core.ApplicationFilterChain.doFilter(ApplicationFilterChain.java:162) ~[tomcat-embed-core-9.0.43.jar:9.0.43]
	at org.apache.catalina.core.StandardWrapperValve.invoke(StandardWrapperValve.java:202) ~[tomcat-embed-core-9.0.43.jar:9.0.43]
	at org.apache.catalina.core.StandardContextValve.invoke(StandardContextValve.java:97) ~[tomcat-embed-core-9.0.43.jar:9.0.43]
	at org.apache.catalina.authenticator.AuthenticatorBase.invoke(AuthenticatorBase.java:542) ~[tomcat-embed-core-9.0.43.jar:9.0.43]
	at org.apache.catalina.core.StandardHostValve.invoke(StandardHostValve.java:143) ~[tomcat-embed-core-9.0.43.jar:9.0.43]
	at org.apache.catalina.valves.ErrorReportValve.invoke(ErrorReportValve.java:92) ~[tomcat-embed-core-9.0.43.jar:9.0.43]
	at org.apache.catalina.core.StandardEngineValve.invoke(StandardEngineValve.java:78) ~[tomcat-embed-core-9.0.43.jar:9.0.43]
	at org.apache.catalina.connector.CoyoteAdapter.service(CoyoteAdapter.java:346) ~[tomcat-embed-core-9.0.43.jar:9.0.43]
	at org.apache.coyote.http11.Http11Processor.service(Http11Processor.java:374) ~[tomcat-embed-core-9.0.43.jar:9.0.43]
	at org.apache.coyote.AbstractProcessorLight.process(AbstractProcessorLight.java:65) ~[tomcat-embed-core-9.0.43.jar:9.0.43]
	at org.apache.coyote.AbstractProtocol$ConnectionHandler.process(AbstractProtocol.java:887) ~[tomcat-embed-core-9.0.43.jar:9.0.43]
	at org.apache.tomcat.util.net.NioEndpoint$SocketProcessor.doRun(NioEndpoint.java:1684) ~[tomcat-embed-core-9.0.43.jar:9.0.43]
	at org.apache.tomcat.util.net.SocketProcessorBase.run(SocketProcessorBase.java:49) ~[tomcat-embed-core-9.0.43.jar:9.0.43]
	at java.base/java.util.concurrent.ThreadPoolExecutor.runWorker(ThreadPoolExecutor.java:1130) ~[na:na]
	at java.base/java.util.concurrent.ThreadPoolExecutor$Worker.run(ThreadPoolExecutor.java:630) ~[na:na]
	at org.apache.tomcat.util.threads.TaskThread$WrappingRunnable.run(TaskThread.java:61) ~[tomcat-embed-core-9.0.43.jar:9.0.43]
	at java.base/java.lang.Thread.run(Thread.java:831) ~[na:na]

2022-07-28 14:45:51.884  INFO 10712 --- [rpcDispatch_RMROLE_1_2_32] i.s.c.r.p.c.RmBranchRollbackProcessor    : rm handle branch rollback process:xid=172.22.144.1:8091:360576963514531841,branchId=360576963514531843,branchType=AT,resourceId=jdbc:mysql://localhost:3306/seata_demo,applicationData=null
2022-07-28 14:45:51.886  INFO 10712 --- [rpcDispatch_RMROLE_1_2_32] io.seata.rm.AbstractRMHandler            : Branch Rollbacking: 172.22.144.1:8091:360576963514531841 360576963514531843 jdbc:mysql://localhost:3306/seata_demo
2022-07-28 14:45:51.914  INFO 10712 --- [rpcDispatch_RMROLE_1_2_32] i.s.r.d.undo.AbstractUndoLogManager      : xid 172.22.144.1:8091:360576963514531841 branch 360576963514531843, undo_log deleted with GlobalFinished
2022-07-28 14:45:51.914  INFO 10712 --- [rpcDispatch_RMROLE_1_2_32] io.seata.rm.AbstractRMHandler            : Branch Rollbacked result: PhaseTwo_Rollbacked
2022-07-28 14:45:51.928  INFO 10712 --- [http-nio-8082-exec-8] i.seata.tm.api.DefaultGlobalTransaction  : Suspending current transaction, xid = 172.22.144.1:8091:360576963514531841
2022-07-28 14:45:51.928  INFO 10712 --- [http-nio-8082-exec-8] i.seata.tm.api.DefaultGlobalTransaction  : [172.22.144.1:8091:360576963514531841] rollback status: Rollbacked
2022-07-28 14:45:51.934 ERROR 10712 --- [http-nio-8082-exec-8] o.a.c.c.C.[.[.[/].[dispatcherServlet]    : Servlet.service() for servlet [dispatcherServlet] in context with path [] threw exception [Request processing failed; nested exception is java.lang.RuntimeException: {"timestamp":"2022-07-28T06:45:51.820+00:00","status":500,"error":"Internal Server Error","message":"","path":"/storage/100202003032041/9"}] with root cause

feign.FeignException$InternalServerError: [500 ] during [PUT] to [http://storage-service/storage/100202003032041/9] [StorageFeignClient#deduct(String,Integer)]: [{"timestamp":"2022-07-28T06:45:51.820+00:00","status":500,"error":"Internal Server Error","message":"","path":"/storage/100202003032041/9"}]
	at feign.FeignException.serverErrorStatus(FeignException.java:231) ~[feign-core-10.10.1.jar:na]
	at feign.FeignException.errorStatus(FeignException.java:180) ~[feign-core-10.10.1.jar:na]
	at feign.FeignException.errorStatus(FeignException.java:169) ~[feign-core-10.10.1.jar:na]
	at feign.codec.ErrorDecoder$Default.decode(ErrorDecoder.java:92) ~[feign-core-10.10.1.jar:na]
	at feign.AsyncResponseHandler.handleResponse(AsyncResponseHandler.java:96) ~[feign-core-10.10.1.jar:na]
	at feign.SynchronousMethodHandler.executeAndDecode(SynchronousMethodHandler.java:138) ~[feign-core-10.10.1.jar:na]
	at feign.SynchronousMethodHandler.invoke(SynchronousMethodHandler.java:89) ~[feign-core-10.10.1.jar:na]
	at feign.ReflectiveFeign$FeignInvocationHandler.invoke(ReflectiveFeign.java:100) ~[feign-core-10.10.1.jar:na]
	at jdk.proxy2/jdk.proxy2.$Proxy83.deduct(Unknown Source) ~[na:na]
	at mao.orderservice.service.impl.OrderServiceImpl.create(OrderServiceImpl.java:52) ~[classes/:na]
	at mao.orderservice.service.impl.OrderServiceImpl$$FastClassBySpringCGLIB$$a92aac68.invoke(<generated>) ~[classes/:na]
	at org.springframework.cglib.proxy.MethodProxy.invoke(MethodProxy.java:218) ~[spring-core-5.2.13.RELEASE.jar:5.2.13.RELEASE]
	at org.springframework.aop.framework.CglibAopProxy$CglibMethodInvocation.invokeJoinpoint(CglibAopProxy.java:771) ~[spring-aop-5.2.13.RELEASE.jar:5.2.13.RELEASE]
	at org.springframework.aop.framework.ReflectiveMethodInvocation.proceed(ReflectiveMethodInvocation.java:163) ~[spring-aop-5.2.13.RELEASE.jar:5.2.13.RELEASE]
	at org.springframework.aop.framework.CglibAopProxy$CglibMethodInvocation.proceed(CglibAopProxy.java:749) ~[spring-aop-5.2.13.RELEASE.jar:5.2.13.RELEASE]
	at io.seata.spring.annotation.GlobalTransactionalInterceptor$2.execute(GlobalTransactionalInterceptor.java:184) ~[seata-all-1.4.2.jar:1.4.2]
	at io.seata.tm.api.TransactionalTemplate.execute(TransactionalTemplate.java:127) ~[seata-all-1.4.2.jar:1.4.2]
	at io.seata.spring.annotation.GlobalTransactionalInterceptor.handleGlobalTransaction(GlobalTransactionalInterceptor.java:181) ~[seata-all-1.4.2.jar:1.4.2]
	at io.seata.spring.annotation.GlobalTransactionalInterceptor.invoke(GlobalTransactionalInterceptor.java:150) ~[seata-all-1.4.2.jar:1.4.2]
	at org.springframework.aop.framework.ReflectiveMethodInvocation.proceed(ReflectiveMethodInvocation.java:186) ~[spring-aop-5.2.13.RELEASE.jar:5.2.13.RELEASE]
	at org.springframework.aop.framework.CglibAopProxy$CglibMethodInvocation.proceed(CglibAopProxy.java:749) ~[spring-aop-5.2.13.RELEASE.jar:5.2.13.RELEASE]
	at org.springframework.aop.framework.CglibAopProxy$DynamicAdvisedInterceptor.intercept(CglibAopProxy.java:691) ~[spring-aop-5.2.13.RELEASE.jar:5.2.13.RELEASE]
	at mao.orderservice.service.impl.OrderServiceImpl$$EnhancerBySpringCGLIB$$8451a050.create(<generated>) ~[classes/:na]
	at mao.orderservice.controller.OrderController.createOrder(OrderController.java:41) ~[classes/:na]
	at java.base/jdk.internal.reflect.NativeMethodAccessorImpl.invoke0(Native Method) ~[na:na]
	at java.base/jdk.internal.reflect.NativeMethodAccessorImpl.invoke(NativeMethodAccessorImpl.java:78) ~[na:na]
	at java.base/jdk.internal.reflect.DelegatingMethodAccessorImpl.invoke(DelegatingMethodAccessorImpl.java:43) ~[na:na]
	at java.base/java.lang.reflect.Method.invoke(Method.java:567) ~[na:na]
	at org.springframework.web.method.support.InvocableHandlerMethod.doInvoke(InvocableHandlerMethod.java:190) ~[spring-web-5.2.13.RELEASE.jar:5.2.13.RELEASE]
	at org.springframework.web.method.support.InvocableHandlerMethod.invokeForRequest(InvocableHandlerMethod.java:138) ~[spring-web-5.2.13.RELEASE.jar:5.2.13.RELEASE]
	at org.springframework.web.servlet.mvc.method.annotation.ServletInvocableHandlerMethod.invokeAndHandle(ServletInvocableHandlerMethod.java:105) ~[spring-webmvc-5.2.13.RELEASE.jar:5.2.13.RELEASE]
	at org.springframework.web.servlet.mvc.method.annotation.RequestMappingHandlerAdapter.invokeHandlerMethod(RequestMappingHandlerAdapter.java:878) ~[spring-webmvc-5.2.13.RELEASE.jar:5.2.13.RELEASE]
	at org.springframework.web.servlet.mvc.method.annotation.RequestMappingHandlerAdapter.handleInternal(RequestMappingHandlerAdapter.java:792) ~[spring-webmvc-5.2.13.RELEASE.jar:5.2.13.RELEASE]
	at org.springframework.web.servlet.mvc.method.AbstractHandlerMethodAdapter.handle(AbstractHandlerMethodAdapter.java:87) ~[spring-webmvc-5.2.13.RELEASE.jar:5.2.13.RELEASE]
	at org.springframework.web.servlet.DispatcherServlet.doDispatch(DispatcherServlet.java:1040) ~[spring-webmvc-5.2.13.RELEASE.jar:5.2.13.RELEASE]
	at org.springframework.web.servlet.DispatcherServlet.doService(DispatcherServlet.java:943) ~[spring-webmvc-5.2.13.RELEASE.jar:5.2.13.RELEASE]
	at org.springframework.web.servlet.FrameworkServlet.processRequest(FrameworkServlet.java:1006) ~[spring-webmvc-5.2.13.RELEASE.jar:5.2.13.RELEASE]
	at org.springframework.web.servlet.FrameworkServlet.doPost(FrameworkServlet.java:909) ~[spring-webmvc-5.2.13.RELEASE.jar:5.2.13.RELEASE]
	at javax.servlet.http.HttpServlet.service(HttpServlet.java:652) ~[tomcat-embed-core-9.0.43.jar:4.0.FR]
	at org.springframework.web.servlet.FrameworkServlet.service(FrameworkServlet.java:883) ~[spring-webmvc-5.2.13.RELEASE.jar:5.2.13.RELEASE]
	at javax.servlet.http.HttpServlet.service(HttpServlet.java:733) ~[tomcat-embed-core-9.0.43.jar:4.0.FR]
	at org.apache.catalina.core.ApplicationFilterChain.internalDoFilter(ApplicationFilterChain.java:227) ~[tomcat-embed-core-9.0.43.jar:9.0.43]
	at org.apache.catalina.core.ApplicationFilterChain.doFilter(ApplicationFilterChain.java:162) ~[tomcat-embed-core-9.0.43.jar:9.0.43]
	at org.apache.tomcat.websocket.server.WsFilter.doFilter(WsFilter.java:53) ~[tomcat-embed-websocket-9.0.43.jar:9.0.43]
	at org.apache.catalina.core.ApplicationFilterChain.internalDoFilter(ApplicationFilterChain.java:189) ~[tomcat-embed-core-9.0.43.jar:9.0.43]
	at org.apache.catalina.core.ApplicationFilterChain.doFilter(ApplicationFilterChain.java:162) ~[tomcat-embed-core-9.0.43.jar:9.0.43]
	at org.springframework.web.filter.RequestContextFilter.doFilterInternal(RequestContextFilter.java:100) ~[spring-web-5.2.13.RELEASE.jar:5.2.13.RELEASE]
	at org.springframework.web.filter.OncePerRequestFilter.doFilter(OncePerRequestFilter.java:119) ~[spring-web-5.2.13.RELEASE.jar:5.2.13.RELEASE]
	at org.apache.catalina.core.ApplicationFilterChain.internalDoFilter(ApplicationFilterChain.java:189) ~[tomcat-embed-core-9.0.43.jar:9.0.43]
	at org.apache.catalina.core.ApplicationFilterChain.doFilter(ApplicationFilterChain.java:162) ~[tomcat-embed-core-9.0.43.jar:9.0.43]
	at org.springframework.web.filter.FormContentFilter.doFilterInternal(FormContentFilter.java:93) ~[spring-web-5.2.13.RELEASE.jar:5.2.13.RELEASE]
	at org.springframework.web.filter.OncePerRequestFilter.doFilter(OncePerRequestFilter.java:119) ~[spring-web-5.2.13.RELEASE.jar:5.2.13.RELEASE]
	at org.apache.catalina.core.ApplicationFilterChain.internalDoFilter(ApplicationFilterChain.java:189) ~[tomcat-embed-core-9.0.43.jar:9.0.43]
	at org.apache.catalina.core.ApplicationFilterChain.doFilter(ApplicationFilterChain.java:162) ~[tomcat-embed-core-9.0.43.jar:9.0.43]
	at org.springframework.web.filter.CharacterEncodingFilter.doFilterInternal(CharacterEncodingFilter.java:201) ~[spring-web-5.2.13.RELEASE.jar:5.2.13.RELEASE]
	at org.springframework.web.filter.OncePerRequestFilter.doFilter(OncePerRequestFilter.java:119) ~[spring-web-5.2.13.RELEASE.jar:5.2.13.RELEASE]
	at org.apache.catalina.core.ApplicationFilterChain.internalDoFilter(ApplicationFilterChain.java:189) ~[tomcat-embed-core-9.0.43.jar:9.0.43]
	at org.apache.catalina.core.ApplicationFilterChain.doFilter(ApplicationFilterChain.java:162) ~[tomcat-embed-core-9.0.43.jar:9.0.43]
	at org.apache.catalina.core.StandardWrapperValve.invoke(StandardWrapperValve.java:202) ~[tomcat-embed-core-9.0.43.jar:9.0.43]
	at org.apache.catalina.core.StandardContextValve.invoke(StandardContextValve.java:97) ~[tomcat-embed-core-9.0.43.jar:9.0.43]
	at org.apache.catalina.authenticator.AuthenticatorBase.invoke(AuthenticatorBase.java:542) ~[tomcat-embed-core-9.0.43.jar:9.0.43]
	at org.apache.catalina.core.StandardHostValve.invoke(StandardHostValve.java:143) ~[tomcat-embed-core-9.0.43.jar:9.0.43]
	at org.apache.catalina.valves.ErrorReportValve.invoke(ErrorReportValve.java:92) ~[tomcat-embed-core-9.0.43.jar:9.0.43]
	at org.apache.catalina.core.StandardEngineValve.invoke(StandardEngineValve.java:78) ~[tomcat-embed-core-9.0.43.jar:9.0.43]
	at org.apache.catalina.connector.CoyoteAdapter.service(CoyoteAdapter.java:346) ~[tomcat-embed-core-9.0.43.jar:9.0.43]
	at org.apache.coyote.http11.Http11Processor.service(Http11Processor.java:374) ~[tomcat-embed-core-9.0.43.jar:9.0.43]
	at org.apache.coyote.AbstractProcessorLight.process(AbstractProcessorLight.java:65) ~[tomcat-embed-core-9.0.43.jar:9.0.43]
	at org.apache.coyote.AbstractProtocol$ConnectionHandler.process(AbstractProtocol.java:887) ~[tomcat-embed-core-9.0.43.jar:9.0.43]
	at org.apache.tomcat.util.net.NioEndpoint$SocketProcessor.doRun(NioEndpoint.java:1684) ~[tomcat-embed-core-9.0.43.jar:9.0.43]
	at org.apache.tomcat.util.net.SocketProcessorBase.run(SocketProcessorBase.java:49) ~[tomcat-embed-core-9.0.43.jar:9.0.43]
	at java.base/java.util.concurrent.ThreadPoolExecutor.runWorker(ThreadPoolExecutor.java:1130) ~[na:na]
	at java.base/java.util.concurrent.ThreadPoolExecutor$Worker.run(ThreadPoolExecutor.java:630) ~[na:na]
	at org.apache.tomcat.util.threads.TaskThread$WrappingRunnable.run(TaskThread.java:61) ~[tomcat-embed-core-9.0.43.jar:9.0.43]
	at java.base/java.lang.Thread.run(Thread.java:831) ~[na:na]

2022-07-28 14:45:52.211  INFO 10712 --- [PollingServerListUpdater-0] c.netflix.config.ChainedDynamicProperty  : Flipping property: account-service.ribbon.ActiveConnectionsLimit to use NEXT property: niws.loadbalancer.availabilityFilteringRule.activeConnectionsLimit = 2147483647
2022-07-28 14:45:52.525  INFO 10712 --- [PollingServerListUpdater-1] c.netflix.config.ChainedDynamicProperty  : Flipping property: storage-service.ribbon.ActiveConnectionsLimit to use NEXT property: niws.loadbalancer.availabilityFilteringRule.activeConnectionsLimit = 2147483647
2022-07-28 14:54:18.950  WARN 10712 --- [Thread-3] c.a.n.common.http.HttpClientBeanHolder   : [HttpClientBeanHolder] Start destroying common HttpClient
2022-07-28 14:54:18.951  WARN 10712 --- [Thread-14] c.a.nacos.common.notify.NotifyCenter     : [NotifyCenter] Start destroying Publisher
2022-07-28 14:54:18.951  INFO 10712 --- [Thread-53] c.n.l.PollingServerListUpdater           : Shutting down the Executor Pool for PollingServerListUpdater
2022-07-28 14:54:18.951  WARN 10712 --- [Thread-14] c.a.nacos.common.notify.NotifyCenter     : [NotifyCenter] Destruction of the end
2022-07-28 14:54:18.954  WARN 10712 --- [Thread-3] c.a.n.common.http.HttpClientBeanHolder   : [HttpClientBeanHolder] Destruction of the end
2022-07-28 14:54:18.977  INFO 10712 --- [SpringContextShutdownHook] o.s.s.c.ThreadPoolTaskScheduler          : Shutting down ExecutorService 'Nacos-Watch-Task-Scheduler'
2022-07-28 14:54:18.978  INFO 10712 --- [SpringContextShutdownHook] c.a.c.n.registry.NacosServiceRegistry    : De-registering from Nacos Server now...
2022-07-28 14:54:18.979  INFO 10712 --- [SpringContextShutdownHook] c.a.c.n.registry.NacosServiceRegistry    : De-registration finished.
2022-07-28 14:54:25.002  WARN 10712 --- [SpringContextShutdownHook] o.s.b.f.support.DisposableBeanAdapter    : Destroy method 'close' on bean with name 'nacosServiceRegistry' threw an exception: java.lang.NullPointerException: Cannot invoke "com.alibaba.nacos.api.naming.NamingService.shutDown()" because "this.namingService" is null
2022-07-28 14:54:25.002  INFO 10712 --- [SpringContextShutdownHook] o.s.s.concurrent.ThreadPoolTaskExecutor  : Shutting down ExecutorService 'applicationTaskExecutor'
2022-07-28 14:54:25.004  INFO 10712 --- [SpringContextShutdownHook] com.alibaba.druid.pool.DruidDataSource   : {dataSource-1} closing ...
2022-07-28 14:54:25.007  INFO 10712 --- [SpringContextShutdownHook] com.alibaba.druid.pool.DruidDataSource   : {dataSource-1} closed
2022-07-28 14:54:25.030  INFO 10712 --- [NettyClientSelector_TMROLE_1_1] i.s.c.r.n.AbstractNettyRemotingClient    : channel inactive: [id: 0x59a6dd12, L:/172.22.144.1:58994 ! R:/172.22.144.1:8091]
2022-07-28 14:54:25.030  INFO 10712 --- [NettyClientSelector_TMROLE_1_1] i.s.c.r.netty.NettyClientChannelManager  : return to pool, rm channel:[id: 0x59a6dd12, L:/172.22.144.1:58994 ! R:/172.22.144.1:8091]
2022-07-28 14:54:25.030  INFO 10712 --- [NettyClientSelector_TMROLE_1_1] i.s.core.rpc.netty.NettyPoolableFactory  : channel valid false,channel:[id: 0x59a6dd12, L:/172.22.144.1:58994 ! R:/172.22.144.1:8091]
2022-07-28 14:54:25.030  INFO 10712 --- [NettyClientSelector_TMROLE_1_1] i.s.core.rpc.netty.NettyPoolableFactory  : will destroy channel:[id: 0x59a6dd12, L:/172.22.144.1:58994 ! R:/172.22.144.1:8091]
2022-07-28 14:54:25.030  INFO 10712 --- [NettyClientSelector_TMROLE_1_1] i.s.c.r.n.AbstractNettyRemotingClient    : ChannelHandlerContext(AbstractNettyRemotingClient$ClientHandler#0, [id: 0x59a6dd12, L:/172.22.144.1:58994 ! R:/172.22.144.1:8091]) will closed
2022-07-28 14:54:25.030  INFO 10712 --- [NettyClientSelector_TMROLE_1_1] i.s.c.r.n.AbstractNettyRemotingClient    : ChannelHandlerContext(AbstractNettyRemotingClient$ClientHandler#0, [id: 0x59a6dd12, L:/172.22.144.1:58994 ! R:/172.22.144.1:8091]) will closed
2022-07-28 14:54:25.032  INFO 10712 --- [NettyClientSelector_RMROLE_1_1] i.s.c.r.n.AbstractNettyRemotingClient    : channel inactive: [id: 0xe9f2bb27, L:/172.22.144.1:58758 ! R:/172.22.144.1:8091]
2022-07-28 14:54:25.032  INFO 10712 --- [NettyClientSelector_RMROLE_1_1] i.s.c.r.netty.NettyClientChannelManager  : return to pool, rm channel:[id: 0xe9f2bb27, L:/172.22.144.1:58758 ! R:/172.22.144.1:8091]
2022-07-28 14:54:25.032  INFO 10712 --- [NettyClientSelector_RMROLE_1_1] i.s.core.rpc.netty.NettyPoolableFactory  : channel valid false,channel:[id: 0xe9f2bb27, L:/172.22.144.1:58758 ! R:/172.22.144.1:8091]
2022-07-28 14:54:25.032  INFO 10712 --- [NettyClientSelector_RMROLE_1_1] i.s.core.rpc.netty.NettyPoolableFactory  : will destroy channel:[id: 0xe9f2bb27, L:/172.22.144.1:58758 ! R:/172.22.144.1:8091]
2022-07-28 14:54:25.032  INFO 10712 --- [NettyClientSelector_RMROLE_1_1] i.s.c.r.n.AbstractNettyRemotingClient    : ChannelHandlerContext(AbstractNettyRemotingClient$ClientHandler#0, [id: 0xe9f2bb27, L:/172.22.144.1:58758 ! R:/172.22.144.1:8091]) will closed
2022-07-28 14:54:25.032  INFO 10712 --- [NettyClientSelector_RMROLE_1_1] i.s.c.r.n.AbstractNettyRemotingClient    : ChannelHandlerContext(AbstractNettyRemotingClient$ClientHandler#0, [id: 0xe9f2bb27, L:/172.22.144.1:58758 ! R:/172.22.144.1:8091]) will closed
2022-07-28 14:54:31.306  INFO 1696 --- [main] m.orderservice.OrderServiceApplication   : No active profile set, falling back to default profiles: default
2022-07-28 14:54:31.849  INFO 1696 --- [main] o.s.cloud.context.scope.GenericScope     : BeanFactory id=49e36265-0346-35d4-84fb-39196acbeec2
2022-07-28 14:54:31.859  INFO 1696 --- [main] trationDelegate$BeanPostProcessorChecker : Bean 'io.seata.spring.boot.autoconfigure.SeataAutoConfiguration' of type [io.seata.spring.boot.autoconfigure.SeataAutoConfiguration] is not eligible for getting processed by all BeanPostProcessors (for example: not eligible for auto-proxying)
2022-07-28 14:54:31.880  INFO 1696 --- [main] trationDelegate$BeanPostProcessorChecker : Bean 'failureHandler' of type [io.seata.tm.api.DefaultFailureHandlerImpl] is not eligible for getting processed by all BeanPostProcessors (for example: not eligible for auto-proxying)
2022-07-28 14:54:31.885  INFO 1696 --- [main] trationDelegate$BeanPostProcessorChecker : Bean 'springCloudAlibabaConfiguration' of type [io.seata.spring.boot.autoconfigure.properties.SpringCloudAlibabaConfiguration] is not eligible for getting processed by all BeanPostProcessors (for example: not eligible for auto-proxying)
2022-07-28 14:54:31.887  INFO 1696 --- [main] trationDelegate$BeanPostProcessorChecker : Bean 'seataProperties' of type [io.seata.spring.boot.autoconfigure.properties.SeataProperties] is not eligible for getting processed by all BeanPostProcessors (for example: not eligible for auto-proxying)
2022-07-28 14:54:31.888  INFO 1696 --- [main] i.s.s.b.a.SeataAutoConfiguration         : Automatically configure Seata
2022-07-28 14:54:31.891  INFO 1696 --- [main] io.seata.config.FileConfiguration        : The file name of the operation is registry
2022-07-28 14:54:31.922  INFO 1696 --- [main] io.seata.config.ConfigurationFactory     : load Configuration:FileConfiguration$$EnhancerByCGLIB$$862af1eb
2022-07-28 14:54:31.925  INFO 1696 --- [main] trationDelegate$BeanPostProcessorChecker : Bean 'configProperties' of type [io.seata.spring.boot.autoconfigure.properties.config.ConfigProperties] is not eligible for getting processed by all BeanPostProcessors (for example: not eligible for auto-proxying)
2022-07-28 14:54:31.930  INFO 1696 --- [main] trationDelegate$BeanPostProcessorChecker : Bean 'configNacosProperties' of type [io.seata.spring.boot.autoconfigure.properties.config.ConfigNacosProperties] is not eligible for getting processed by all BeanPostProcessors (for example: not eligible for auto-proxying)
2022-07-28 14:54:32.141  INFO 1696 --- [main] i.s.s.a.GlobalTransactionScanner         : Initializing Global Transaction Clients ... 
2022-07-28 14:54:32.237  INFO 1696 --- [main] i.s.core.rpc.netty.NettyClientBootstrap  : NettyClientBootstrap has started
2022-07-28 14:54:32.237  INFO 1696 --- [main] i.s.s.a.GlobalTransactionScanner         : Transaction Manager Client is initialized. applicationId[order-service] txServiceGroup[seata-tx-service-group]
2022-07-28 14:54:32.247  INFO 1696 --- [main] io.seata.rm.datasource.AsyncWorker       : Async Commit Buffer Limit: 10000
2022-07-28 14:54:32.248  INFO 1696 --- [main] i.s.rm.datasource.xa.ResourceManagerXA   : ResourceManagerXA init ...
2022-07-28 14:54:32.252  INFO 1696 --- [main] i.s.core.rpc.netty.NettyClientBootstrap  : NettyClientBootstrap has started
2022-07-28 14:54:32.252  INFO 1696 --- [main] i.s.s.a.GlobalTransactionScanner         : Resource Manager is initialized. applicationId[order-service] txServiceGroup[seata-tx-service-group]
2022-07-28 14:54:32.252  INFO 1696 --- [main] i.s.s.a.GlobalTransactionScanner         : Global Transaction Clients are initialized. 
2022-07-28 14:54:32.254  INFO 1696 --- [main] trationDelegate$BeanPostProcessorChecker : Bean 'io.seata.spring.boot.autoconfigure.SeataDataSourceAutoConfiguration' of type [io.seata.spring.boot.autoconfigure.SeataDataSourceAutoConfiguration] is not eligible for getting processed by all BeanPostProcessors (for example: not eligible for auto-proxying)
2022-07-28 14:54:32.307  INFO 1696 --- [main] trationDelegate$BeanPostProcessorChecker : Bean 'com.alibaba.cloud.seata.feign.SeataFeignClientAutoConfiguration$FeignBeanPostProcessorConfiguration' of type [com.alibaba.cloud.seata.feign.SeataFeignClientAutoConfiguration$FeignBeanPostProcessorConfiguration] is not eligible for getting processed by all BeanPostProcessors (for example: not eligible for auto-proxying)
2022-07-28 14:54:32.309  INFO 1696 --- [main] trationDelegate$BeanPostProcessorChecker : Bean 'seataFeignObjectWrapper' of type [com.alibaba.cloud.seata.feign.SeataFeignObjectWrapper] is not eligible for getting processed by all BeanPostProcessors (for example: not eligible for auto-proxying)
2022-07-28 14:54:32.466  INFO 1696 --- [main] o.s.b.w.embedded.tomcat.TomcatWebServer  : Tomcat initialized with port(s): 8082 (http)
2022-07-28 14:54:32.472  INFO 1696 --- [main] o.apache.catalina.core.StandardService   : Starting service [Tomcat]
2022-07-28 14:54:32.473  INFO 1696 --- [main] org.apache.catalina.core.StandardEngine  : Starting Servlet engine: [Apache Tomcat/9.0.43]
2022-07-28 14:54:32.594  INFO 1696 --- [main] o.a.c.c.C.[Tomcat].[localhost].[/]       : Initializing Spring embedded WebApplicationContext
2022-07-28 14:54:32.595  INFO 1696 --- [main] w.s.c.ServletWebServerApplicationContext : Root WebApplicationContext: initialization completed in 1275 ms
2022-07-28 14:54:32.952  INFO 1696 --- [main] c.a.d.s.b.a.DruidDataSourceAutoConfigure : Init DruidDataSource
2022-07-28 14:54:33.049  INFO 1696 --- [main] com.alibaba.druid.pool.DruidDataSource   : {dataSource-1} inited
2022-07-28 14:54:33.059  INFO 1696 --- [main] .s.s.a.d.SeataAutoDataSourceProxyCreator : Auto proxy of [dataSource]
2022-07-28 14:54:33.359  INFO 1696 --- [main] i.s.c.r.netty.NettyClientChannelManager  : will connect to 172.22.144.1:8091
2022-07-28 14:54:33.360  INFO 1696 --- [main] i.s.c.rpc.netty.RmNettyRemotingClient    : RM will register :jdbc:mysql://localhost:3306/seata_demo
2022-07-28 14:54:33.362  INFO 1696 --- [main] i.s.core.rpc.netty.NettyPoolableFactory  : NettyPool create channel to transactionRole:RMROLE,address:172.22.144.1:8091,msg:< RegisterRMRequest{resourceIds='jdbc:mysql://localhost:3306/seata_demo', applicationId='order-service', transactionServiceGroup='seata-tx-service-group'} >
2022-07-28 14:54:33.482  INFO 1696 --- [main] i.s.c.rpc.netty.RmNettyRemotingClient    : register RM success. client version:1.4.2, server version:1.4.2,channel:[id: 0x5d9eccb8, L:/172.22.144.1:63645 - R:/172.22.144.1:8091]
2022-07-28 14:54:33.487  INFO 1696 --- [main] i.s.core.rpc.netty.NettyPoolableFactory  : register success, cost 41 ms, version:1.4.2,role:RMROLE,channel:[id: 0x5d9eccb8, L:/172.22.144.1:63645 - R:/172.22.144.1:8091]
2022-07-28 14:54:33.746  INFO 1696 --- [main] i.s.s.a.GlobalTransactionScanner         : Bean[mao.orderservice.service.impl.OrderServiceImpl] with name [orderServiceImpl] would use interceptor [io.seata.spring.annotation.GlobalTransactionalInterceptor]
2022-07-28 14:54:33.775  WARN 1696 --- [main] c.n.c.sources.URLConfigurationSource     : No URLs will be polled as dynamic configuration sources.
2022-07-28 14:54:33.776  INFO 1696 --- [main] c.n.c.sources.URLConfigurationSource     : To enable URLs as dynamic configuration sources, define System property archaius.configurationSource.additionalUrls or make config.properties available on classpath.
2022-07-28 14:54:33.779  WARN 1696 --- [main] c.n.c.sources.URLConfigurationSource     : No URLs will be polled as dynamic configuration sources.
2022-07-28 14:54:33.779  INFO 1696 --- [main] c.n.c.sources.URLConfigurationSource     : To enable URLs as dynamic configuration sources, define System property archaius.configurationSource.additionalUrls or make config.properties available on classpath.
2022-07-28 14:54:33.863  INFO 1696 --- [main] o.s.s.concurrent.ThreadPoolTaskExecutor  : Initializing ExecutorService 'applicationTaskExecutor'
2022-07-28 14:54:33.913  INFO 1696 --- [main] o.s.b.a.w.s.WelcomePageHandlerMapping    : Adding welcome page: class path resource [static/index.html]
2022-07-28 14:54:34.041  INFO 1696 --- [main] o.s.s.c.ThreadPoolTaskScheduler          : Initializing ExecutorService 'Nacos-Watch-Task-Scheduler'
2022-07-28 14:54:34.325  INFO 1696 --- [main] o.s.b.w.embedded.tomcat.TomcatWebServer  : Tomcat started on port(s): 8082 (http) with context path ''
2022-07-28 14:54:34.330  INFO 1696 --- [main] c.a.c.n.registry.NacosServiceRegistry    : nacos registry, DEFAULT_GROUP order-service 192.168.202.1:8082 register finished
2022-07-28 14:54:34.439  INFO 1696 --- [main] m.orderservice.OrderServiceApplication   : Started OrderServiceApplication in 4.075 seconds (JVM running for 4.775)
2022-07-28 14:55:32.229  INFO 1696 --- [timeoutChecker_1_1] i.s.c.r.netty.NettyClientChannelManager  : will connect to 172.22.144.1:8091
2022-07-28 14:55:32.231  INFO 1696 --- [timeoutChecker_1_1] i.s.core.rpc.netty.NettyPoolableFactory  : NettyPool create channel to transactionRole:TMROLE,address:172.22.144.1:8091,msg:< RegisterTMRequest{applicationId='order-service', transactionServiceGroup='seata-tx-service-group'} >
2022-07-28 14:55:32.239  INFO 1696 --- [timeoutChecker_1_1] i.s.c.rpc.netty.TmNettyRemotingClient    : register TM success. client version:1.4.2, server version:1.4.2,channel:[id: 0x6450000c, L:/172.22.144.1:63917 - R:/172.22.144.1:8091]
2022-07-28 14:55:32.239  INFO 1696 --- [timeoutChecker_1_1] i.s.core.rpc.netty.NettyPoolableFactory  : register success, cost 6 ms, version:1.4.2,role:TMROLE,channel:[id: 0x6450000c, L:/172.22.144.1:63917 - R:/172.22.144.1:8091]
2022-07-28 14:56:35.984  INFO 1696 --- [http-nio-8082-exec-1] o.a.c.c.C.[Tomcat].[localhost].[/]       : Initializing Spring DispatcherServlet 'dispatcherServlet'
2022-07-28 14:56:35.984  INFO 1696 --- [http-nio-8082-exec-1] o.s.web.servlet.DispatcherServlet        : Initializing Servlet 'dispatcherServlet'
2022-07-28 14:56:35.990  INFO 1696 --- [http-nio-8082-exec-1] o.s.web.servlet.DispatcherServlet        : Completed initialization in 5 ms
2022-07-28 14:56:36.027  INFO 1696 --- [http-nio-8082-exec-1] io.seata.tm.TransactionManagerHolder     : TransactionManager Singleton io.seata.tm.DefaultTransactionManager@6fca6c26
2022-07-28 14:56:36.042  INFO 1696 --- [http-nio-8082-exec-1] i.seata.tm.api.DefaultGlobalTransaction  : Begin new global transaction [172.22.144.1:8091:360576963514531849]
2022-07-28 14:56:36.072  WARN 1696 --- [http-nio-8082-exec-1] c.a.druid.pool.DruidAbstractDataSource   : discard long time none received connection. , jdbcUrl : jdbc:mysql://localhost:3306/seata_demo?useUnicode=true&characterEncoding=utf8&allowMultiQueries=true&useSSL=false, version : 1.2.8, lastPacketReceivedIdleMillis : 122892
2022-07-28 14:56:36.085 DEBUG 1696 --- [http-nio-8082-exec-1] m.o.mapper.OrderMapper.insert            : ==>  Preparing: INSERT INTO order_tbl ( user_id, commodity_code, count, money ) VALUES ( ?, ?, ?, ? )
2022-07-28 14:56:36.102 DEBUG 1696 --- [http-nio-8082-exec-1] m.o.mapper.OrderMapper.insert            : ==> Parameters: user202103032042012(String), 100202003032041(String), 9(Integer), 20(Integer)
2022-07-28 14:56:36.240 DEBUG 1696 --- [http-nio-8082-exec-1] m.o.mapper.OrderMapper.insert            : <==    Updates: 1
2022-07-28 14:56:36.243 DEBUG 1696 --- [http-nio-8082-exec-1] m.orderservice.feign.AccountFeignClient  : [AccountFeignClient#deduct] ---> PUT http://account-service/account/user202103032042012/20 HTTP/1.1
2022-07-28 14:56:36.312  INFO 1696 --- [http-nio-8082-exec-1] c.netflix.config.ChainedDynamicProperty  : Flipping property: account-service.ribbon.ActiveConnectionsLimit to use NEXT property: niws.loadbalancer.availabilityFilteringRule.activeConnectionsLimit = 2147483647
2022-07-28 14:56:36.323  INFO 1696 --- [http-nio-8082-exec-1] c.netflix.loadbalancer.BaseLoadBalancer  : Client: account-service instantiated a LoadBalancer: DynamicServerListLoadBalancer:{NFLoadBalancer:name=account-service,current list of Servers=[],Load balancer stats=Zone stats: {},Server stats: []}ServerList:null
2022-07-28 14:56:36.334  INFO 1696 --- [http-nio-8082-exec-1] c.n.l.DynamicServerListLoadBalancer      : Using serverListUpdater PollingServerListUpdater
2022-07-28 14:56:36.352  INFO 1696 --- [http-nio-8082-exec-1] c.netflix.config.ChainedDynamicProperty  : Flipping property: account-service.ribbon.ActiveConnectionsLimit to use NEXT property: niws.loadbalancer.availabilityFilteringRule.activeConnectionsLimit = 2147483647
2022-07-28 14:56:36.356  INFO 1696 --- [http-nio-8082-exec-1] c.n.l.DynamicServerListLoadBalancer      : DynamicServerListLoadBalancer for client account-service initialized: DynamicServerListLoadBalancer:{NFLoadBalancer:name=account-service,current list of Servers=[192.168.202.1:8083],Load balancer stats=Zone stats: {unknown=[Zone:unknown;	Instance count:1;	Active connections count: 0;	Circuit breaker tripped count: 0;	Active connections per server: 0.0;]
},Server stats: [[Server:192.168.202.1:8083;	Zone:UNKNOWN;	Total Requests:0;	Successive connection failure:0;	Total blackout seconds:0;	Last connection made:Thu Jan 01 08:00:00 CST 1970;	First connection made: Thu Jan 01 08:00:00 CST 1970;	Active Connections:0;	total failure count in last (1000) msecs:0;	average resp time:0.0;	90 percentile resp time:0.0;	95 percentile resp time:0.0;	min resp time:0.0;	max resp time:0.0;	stddev resp time:0.0]
]}ServerList:com.alibaba.cloud.nacos.ribbon.NacosServerList@71c08195
2022-07-28 14:56:36.633 DEBUG 1696 --- [http-nio-8082-exec-1] m.orderservice.feign.AccountFeignClient  : [AccountFeignClient#deduct] <--- HTTP/1.1 204  (389ms)
2022-07-28 14:56:36.637 DEBUG 1696 --- [http-nio-8082-exec-1] m.orderservice.feign.StorageFeignClient  : [StorageFeignClient#deduct] ---> PUT http://storage-service/storage/100202003032041/9 HTTP/1.1
2022-07-28 14:56:36.661  INFO 1696 --- [http-nio-8082-exec-1] c.netflix.config.ChainedDynamicProperty  : Flipping property: storage-service.ribbon.ActiveConnectionsLimit to use NEXT property: niws.loadbalancer.availabilityFilteringRule.activeConnectionsLimit = 2147483647
2022-07-28 14:56:36.664  INFO 1696 --- [http-nio-8082-exec-1] c.netflix.loadbalancer.BaseLoadBalancer  : Client: storage-service instantiated a LoadBalancer: DynamicServerListLoadBalancer:{NFLoadBalancer:name=storage-service,current list of Servers=[],Load balancer stats=Zone stats: {},Server stats: []}ServerList:null
2022-07-28 14:56:36.672  INFO 1696 --- [http-nio-8082-exec-1] c.n.l.DynamicServerListLoadBalancer      : Using serverListUpdater PollingServerListUpdater
2022-07-28 14:56:36.685  INFO 1696 --- [http-nio-8082-exec-1] c.netflix.config.ChainedDynamicProperty  : Flipping property: storage-service.ribbon.ActiveConnectionsLimit to use NEXT property: niws.loadbalancer.availabilityFilteringRule.activeConnectionsLimit = 2147483647
2022-07-28 14:56:36.688  INFO 1696 --- [http-nio-8082-exec-1] c.n.l.DynamicServerListLoadBalancer      : DynamicServerListLoadBalancer for client storage-service initialized: DynamicServerListLoadBalancer:{NFLoadBalancer:name=storage-service,current list of Servers=[192.168.202.1:8081],Load balancer stats=Zone stats: {unknown=[Zone:unknown;	Instance count:1;	Active connections count: 0;	Circuit breaker tripped count: 0;	Active connections per server: 0.0;]
},Server stats: [[Server:192.168.202.1:8081;	Zone:UNKNOWN;	Total Requests:0;	Successive connection failure:0;	Total blackout seconds:0;	Last connection made:Thu Jan 01 08:00:00 CST 1970;	First connection made: Thu Jan 01 08:00:00 CST 1970;	Active Connections:0;	total failure count in last (1000) msecs:0;	average resp time:0.0;	90 percentile resp time:0.0;	95 percentile resp time:0.0;	min resp time:0.0;	max resp time:0.0;	stddev resp time:0.0]
]}ServerList:com.alibaba.cloud.nacos.ribbon.NacosServerList@623a564a
2022-07-28 14:56:36.984 DEBUG 1696 --- [http-nio-8082-exec-1] m.orderservice.feign.StorageFeignClient  : [StorageFeignClient#deduct] <--- HTTP/1.1 500  (346ms)
2022-07-28 14:56:36.988 ERROR 1696 --- [http-nio-8082-exec-1] m.o.service.impl.OrderServiceImpl        : 下单失败，原因:{"timestamp":"2022-07-28T06:56:36.966+00:00","status":500,"error":"Internal Server Error","message":"","path":"/storage/100202003032041/9"}

feign.FeignException$InternalServerError: [500 ] during [PUT] to [http://storage-service/storage/100202003032041/9] [StorageFeignClient#deduct(String,Integer)]: [{"timestamp":"2022-07-28T06:56:36.966+00:00","status":500,"error":"Internal Server Error","message":"","path":"/storage/100202003032041/9"}]
	at feign.FeignException.serverErrorStatus(FeignException.java:231) ~[feign-core-10.10.1.jar:na]
	at feign.FeignException.errorStatus(FeignException.java:180) ~[feign-core-10.10.1.jar:na]
	at feign.FeignException.errorStatus(FeignException.java:169) ~[feign-core-10.10.1.jar:na]
	at feign.codec.ErrorDecoder$Default.decode(ErrorDecoder.java:92) ~[feign-core-10.10.1.jar:na]
	at feign.AsyncResponseHandler.handleResponse(AsyncResponseHandler.java:96) ~[feign-core-10.10.1.jar:na]
	at feign.SynchronousMethodHandler.executeAndDecode(SynchronousMethodHandler.java:138) ~[feign-core-10.10.1.jar:na]
	at feign.SynchronousMethodHandler.invoke(SynchronousMethodHandler.java:89) ~[feign-core-10.10.1.jar:na]
	at feign.ReflectiveFeign$FeignInvocationHandler.invoke(ReflectiveFeign.java:100) ~[feign-core-10.10.1.jar:na]
	at jdk.proxy2/jdk.proxy2.$Proxy83.deduct(Unknown Source) ~[na:na]
	at mao.orderservice.service.impl.OrderServiceImpl.create(OrderServiceImpl.java:52) ~[classes/:na]
	at mao.orderservice.service.impl.OrderServiceImpl$$FastClassBySpringCGLIB$$a92aac68.invoke(<generated>) ~[classes/:na]
	at org.springframework.cglib.proxy.MethodProxy.invoke(MethodProxy.java:218) ~[spring-core-5.2.13.RELEASE.jar:5.2.13.RELEASE]
	at org.springframework.aop.framework.CglibAopProxy$CglibMethodInvocation.invokeJoinpoint(CglibAopProxy.java:771) ~[spring-aop-5.2.13.RELEASE.jar:5.2.13.RELEASE]
	at org.springframework.aop.framework.ReflectiveMethodInvocation.proceed(ReflectiveMethodInvocation.java:163) ~[spring-aop-5.2.13.RELEASE.jar:5.2.13.RELEASE]
	at org.springframework.aop.framework.CglibAopProxy$CglibMethodInvocation.proceed(CglibAopProxy.java:749) ~[spring-aop-5.2.13.RELEASE.jar:5.2.13.RELEASE]
	at io.seata.spring.annotation.GlobalTransactionalInterceptor$2.execute(GlobalTransactionalInterceptor.java:184) ~[seata-all-1.4.2.jar:1.4.2]
	at io.seata.tm.api.TransactionalTemplate.execute(TransactionalTemplate.java:127) ~[seata-all-1.4.2.jar:1.4.2]
	at io.seata.spring.annotation.GlobalTransactionalInterceptor.handleGlobalTransaction(GlobalTransactionalInterceptor.java:181) ~[seata-all-1.4.2.jar:1.4.2]
	at io.seata.spring.annotation.GlobalTransactionalInterceptor.invoke(GlobalTransactionalInterceptor.java:150) ~[seata-all-1.4.2.jar:1.4.2]
	at org.springframework.aop.framework.ReflectiveMethodInvocation.proceed(ReflectiveMethodInvocation.java:186) ~[spring-aop-5.2.13.RELEASE.jar:5.2.13.RELEASE]
	at org.springframework.aop.framework.CglibAopProxy$CglibMethodInvocation.proceed(CglibAopProxy.java:749) ~[spring-aop-5.2.13.RELEASE.jar:5.2.13.RELEASE]
	at org.springframework.aop.framework.CglibAopProxy$DynamicAdvisedInterceptor.intercept(CglibAopProxy.java:691) ~[spring-aop-5.2.13.RELEASE.jar:5.2.13.RELEASE]
	at mao.orderservice.service.impl.OrderServiceImpl$$EnhancerBySpringCGLIB$$90ca2b1c.create(<generated>) ~[classes/:na]
	at mao.orderservice.controller.OrderController.createOrder(OrderController.java:41) ~[classes/:na]
	at java.base/jdk.internal.reflect.NativeMethodAccessorImpl.invoke0(Native Method) ~[na:na]
	at java.base/jdk.internal.reflect.NativeMethodAccessorImpl.invoke(NativeMethodAccessorImpl.java:78) ~[na:na]
	at java.base/jdk.internal.reflect.DelegatingMethodAccessorImpl.invoke(DelegatingMethodAccessorImpl.java:43) ~[na:na]
	at java.base/java.lang.reflect.Method.invoke(Method.java:567) ~[na:na]
	at org.springframework.web.method.support.InvocableHandlerMethod.doInvoke(InvocableHandlerMethod.java:190) ~[spring-web-5.2.13.RELEASE.jar:5.2.13.RELEASE]
	at org.springframework.web.method.support.InvocableHandlerMethod.invokeForRequest(InvocableHandlerMethod.java:138) ~[spring-web-5.2.13.RELEASE.jar:5.2.13.RELEASE]
	at org.springframework.web.servlet.mvc.method.annotation.ServletInvocableHandlerMethod.invokeAndHandle(ServletInvocableHandlerMethod.java:105) ~[spring-webmvc-5.2.13.RELEASE.jar:5.2.13.RELEASE]
	at org.springframework.web.servlet.mvc.method.annotation.RequestMappingHandlerAdapter.invokeHandlerMethod(RequestMappingHandlerAdapter.java:878) ~[spring-webmvc-5.2.13.RELEASE.jar:5.2.13.RELEASE]
	at org.springframework.web.servlet.mvc.method.annotation.RequestMappingHandlerAdapter.handleInternal(RequestMappingHandlerAdapter.java:792) ~[spring-webmvc-5.2.13.RELEASE.jar:5.2.13.RELEASE]
	at org.springframework.web.servlet.mvc.method.AbstractHandlerMethodAdapter.handle(AbstractHandlerMethodAdapter.java:87) ~[spring-webmvc-5.2.13.RELEASE.jar:5.2.13.RELEASE]
	at org.springframework.web.servlet.DispatcherServlet.doDispatch(DispatcherServlet.java:1040) ~[spring-webmvc-5.2.13.RELEASE.jar:5.2.13.RELEASE]
	at org.springframework.web.servlet.DispatcherServlet.doService(DispatcherServlet.java:943) ~[spring-webmvc-5.2.13.RELEASE.jar:5.2.13.RELEASE]
	at org.springframework.web.servlet.FrameworkServlet.processRequest(FrameworkServlet.java:1006) ~[spring-webmvc-5.2.13.RELEASE.jar:5.2.13.RELEASE]
	at org.springframework.web.servlet.FrameworkServlet.doPost(FrameworkServlet.java:909) ~[spring-webmvc-5.2.13.RELEASE.jar:5.2.13.RELEASE]
	at javax.servlet.http.HttpServlet.service(HttpServlet.java:652) ~[tomcat-embed-core-9.0.43.jar:4.0.FR]
	at org.springframework.web.servlet.FrameworkServlet.service(FrameworkServlet.java:883) ~[spring-webmvc-5.2.13.RELEASE.jar:5.2.13.RELEASE]
	at javax.servlet.http.HttpServlet.service(HttpServlet.java:733) ~[tomcat-embed-core-9.0.43.jar:4.0.FR]
	at org.apache.catalina.core.ApplicationFilterChain.internalDoFilter(ApplicationFilterChain.java:227) ~[tomcat-embed-core-9.0.43.jar:9.0.43]
	at org.apache.catalina.core.ApplicationFilterChain.doFilter(ApplicationFilterChain.java:162) ~[tomcat-embed-core-9.0.43.jar:9.0.43]
	at org.apache.tomcat.websocket.server.WsFilter.doFilter(WsFilter.java:53) ~[tomcat-embed-websocket-9.0.43.jar:9.0.43]
	at org.apache.catalina.core.ApplicationFilterChain.internalDoFilter(ApplicationFilterChain.java:189) ~[tomcat-embed-core-9.0.43.jar:9.0.43]
	at org.apache.catalina.core.ApplicationFilterChain.doFilter(ApplicationFilterChain.java:162) ~[tomcat-embed-core-9.0.43.jar:9.0.43]
	at org.springframework.web.filter.RequestContextFilter.doFilterInternal(RequestContextFilter.java:100) ~[spring-web-5.2.13.RELEASE.jar:5.2.13.RELEASE]
	at org.springframework.web.filter.OncePerRequestFilter.doFilter(OncePerRequestFilter.java:119) ~[spring-web-5.2.13.RELEASE.jar:5.2.13.RELEASE]
	at org.apache.catalina.core.ApplicationFilterChain.internalDoFilter(ApplicationFilterChain.java:189) ~[tomcat-embed-core-9.0.43.jar:9.0.43]
	at org.apache.catalina.core.ApplicationFilterChain.doFilter(ApplicationFilterChain.java:162) ~[tomcat-embed-core-9.0.43.jar:9.0.43]
	at org.springframework.web.filter.FormContentFilter.doFilterInternal(FormContentFilter.java:93) ~[spring-web-5.2.13.RELEASE.jar:5.2.13.RELEASE]
	at org.springframework.web.filter.OncePerRequestFilter.doFilter(OncePerRequestFilter.java:119) ~[spring-web-5.2.13.RELEASE.jar:5.2.13.RELEASE]
	at org.apache.catalina.core.ApplicationFilterChain.internalDoFilter(ApplicationFilterChain.java:189) ~[tomcat-embed-core-9.0.43.jar:9.0.43]
	at org.apache.catalina.core.ApplicationFilterChain.doFilter(ApplicationFilterChain.java:162) ~[tomcat-embed-core-9.0.43.jar:9.0.43]
	at org.springframework.web.filter.CharacterEncodingFilter.doFilterInternal(CharacterEncodingFilter.java:201) ~[spring-web-5.2.13.RELEASE.jar:5.2.13.RELEASE]
	at org.springframework.web.filter.OncePerRequestFilter.doFilter(OncePerRequestFilter.java:119) ~[spring-web-5.2.13.RELEASE.jar:5.2.13.RELEASE]
	at org.apache.catalina.core.ApplicationFilterChain.internalDoFilter(ApplicationFilterChain.java:189) ~[tomcat-embed-core-9.0.43.jar:9.0.43]
	at org.apache.catalina.core.ApplicationFilterChain.doFilter(ApplicationFilterChain.java:162) ~[tomcat-embed-core-9.0.43.jar:9.0.43]
	at org.apache.catalina.core.StandardWrapperValve.invoke(StandardWrapperValve.java:202) ~[tomcat-embed-core-9.0.43.jar:9.0.43]
	at org.apache.catalina.core.StandardContextValve.invoke(StandardContextValve.java:97) ~[tomcat-embed-core-9.0.43.jar:9.0.43]
	at org.apache.catalina.authenticator.AuthenticatorBase.invoke(AuthenticatorBase.java:542) ~[tomcat-embed-core-9.0.43.jar:9.0.43]
	at org.apache.catalina.core.StandardHostValve.invoke(StandardHostValve.java:143) ~[tomcat-embed-core-9.0.43.jar:9.0.43]
	at org.apache.catalina.valves.ErrorReportValve.invoke(ErrorReportValve.java:92) ~[tomcat-embed-core-9.0.43.jar:9.0.43]
	at org.apache.catalina.core.StandardEngineValve.invoke(StandardEngineValve.java:78) ~[tomcat-embed-core-9.0.43.jar:9.0.43]
	at org.apache.catalina.connector.CoyoteAdapter.service(CoyoteAdapter.java:346) ~[tomcat-embed-core-9.0.43.jar:9.0.43]
	at org.apache.coyote.http11.Http11Processor.service(Http11Processor.java:374) ~[tomcat-embed-core-9.0.43.jar:9.0.43]
	at org.apache.coyote.AbstractProcessorLight.process(AbstractProcessorLight.java:65) ~[tomcat-embed-core-9.0.43.jar:9.0.43]
	at org.apache.coyote.AbstractProtocol$ConnectionHandler.process(AbstractProtocol.java:887) ~[tomcat-embed-core-9.0.43.jar:9.0.43]
	at org.apache.tomcat.util.net.NioEndpoint$SocketProcessor.doRun(NioEndpoint.java:1684) ~[tomcat-embed-core-9.0.43.jar:9.0.43]
	at org.apache.tomcat.util.net.SocketProcessorBase.run(SocketProcessorBase.java:49) ~[tomcat-embed-core-9.0.43.jar:9.0.43]
	at java.base/java.util.concurrent.ThreadPoolExecutor.runWorker(ThreadPoolExecutor.java:1130) ~[na:na]
	at java.base/java.util.concurrent.ThreadPoolExecutor$Worker.run(ThreadPoolExecutor.java:630) ~[na:na]
	at org.apache.tomcat.util.threads.TaskThread$WrappingRunnable.run(TaskThread.java:61) ~[tomcat-embed-core-9.0.43.jar:9.0.43]
	at java.base/java.lang.Thread.run(Thread.java:831) ~[na:na]

2022-07-28 14:56:37.028  INFO 1696 --- [rpcDispatch_RMROLE_1_1_32] i.s.c.r.p.c.RmBranchRollbackProcessor    : rm handle branch rollback process:xid=172.22.144.1:8091:360576963514531849,branchId=360576963514531851,branchType=AT,resourceId=jdbc:mysql://localhost:3306/seata_demo,applicationData=null
2022-07-28 14:56:37.029  INFO 1696 --- [rpcDispatch_RMROLE_1_1_32] io.seata.rm.AbstractRMHandler            : Branch Rollbacking: 172.22.144.1:8091:360576963514531849 360576963514531851 jdbc:mysql://localhost:3306/seata_demo
2022-07-28 14:56:37.056  INFO 1696 --- [rpcDispatch_RMROLE_1_1_32] i.s.r.d.undo.AbstractUndoLogManager      : xid 172.22.144.1:8091:360576963514531849 branch 360576963514531851, undo_log deleted with GlobalFinished
2022-07-28 14:56:37.057  INFO 1696 --- [rpcDispatch_RMROLE_1_1_32] io.seata.rm.AbstractRMHandler            : Branch Rollbacked result: PhaseTwo_Rollbacked
2022-07-28 14:56:37.070  INFO 1696 --- [http-nio-8082-exec-1] i.seata.tm.api.DefaultGlobalTransaction  : Suspending current transaction, xid = 172.22.144.1:8091:360576963514531849
2022-07-28 14:56:37.070  INFO 1696 --- [http-nio-8082-exec-1] i.seata.tm.api.DefaultGlobalTransaction  : [172.22.144.1:8091:360576963514531849] rollback status: Rollbacked
2022-07-28 14:56:37.077 ERROR 1696 --- [http-nio-8082-exec-1] o.a.c.c.C.[.[.[/].[dispatcherServlet]    : Servlet.service() for servlet [dispatcherServlet] in context with path [] threw exception [Request processing failed; nested exception is java.lang.RuntimeException: {"timestamp":"2022-07-28T06:56:36.966+00:00","status":500,"error":"Internal Server Error","message":"","path":"/storage/100202003032041/9"}] with root cause

feign.FeignException$InternalServerError: [500 ] during [PUT] to [http://storage-service/storage/100202003032041/9] [StorageFeignClient#deduct(String,Integer)]: [{"timestamp":"2022-07-28T06:56:36.966+00:00","status":500,"error":"Internal Server Error","message":"","path":"/storage/100202003032041/9"}]
	at feign.FeignException.serverErrorStatus(FeignException.java:231) ~[feign-core-10.10.1.jar:na]
	at feign.FeignException.errorStatus(FeignException.java:180) ~[feign-core-10.10.1.jar:na]
	at feign.FeignException.errorStatus(FeignException.java:169) ~[feign-core-10.10.1.jar:na]
	at feign.codec.ErrorDecoder$Default.decode(ErrorDecoder.java:92) ~[feign-core-10.10.1.jar:na]
	at feign.AsyncResponseHandler.handleResponse(AsyncResponseHandler.java:96) ~[feign-core-10.10.1.jar:na]
	at feign.SynchronousMethodHandler.executeAndDecode(SynchronousMethodHandler.java:138) ~[feign-core-10.10.1.jar:na]
	at feign.SynchronousMethodHandler.invoke(SynchronousMethodHandler.java:89) ~[feign-core-10.10.1.jar:na]
	at feign.ReflectiveFeign$FeignInvocationHandler.invoke(ReflectiveFeign.java:100) ~[feign-core-10.10.1.jar:na]
	at jdk.proxy2/jdk.proxy2.$Proxy83.deduct(Unknown Source) ~[na:na]
	at mao.orderservice.service.impl.OrderServiceImpl.create(OrderServiceImpl.java:52) ~[classes/:na]
	at mao.orderservice.service.impl.OrderServiceImpl$$FastClassBySpringCGLIB$$a92aac68.invoke(<generated>) ~[classes/:na]
	at org.springframework.cglib.proxy.MethodProxy.invoke(MethodProxy.java:218) ~[spring-core-5.2.13.RELEASE.jar:5.2.13.RELEASE]
	at org.springframework.aop.framework.CglibAopProxy$CglibMethodInvocation.invokeJoinpoint(CglibAopProxy.java:771) ~[spring-aop-5.2.13.RELEASE.jar:5.2.13.RELEASE]
	at org.springframework.aop.framework.ReflectiveMethodInvocation.proceed(ReflectiveMethodInvocation.java:163) ~[spring-aop-5.2.13.RELEASE.jar:5.2.13.RELEASE]
	at org.springframework.aop.framework.CglibAopProxy$CglibMethodInvocation.proceed(CglibAopProxy.java:749) ~[spring-aop-5.2.13.RELEASE.jar:5.2.13.RELEASE]
	at io.seata.spring.annotation.GlobalTransactionalInterceptor$2.execute(GlobalTransactionalInterceptor.java:184) ~[seata-all-1.4.2.jar:1.4.2]
	at io.seata.tm.api.TransactionalTemplate.execute(TransactionalTemplate.java:127) ~[seata-all-1.4.2.jar:1.4.2]
	at io.seata.spring.annotation.GlobalTransactionalInterceptor.handleGlobalTransaction(GlobalTransactionalInterceptor.java:181) ~[seata-all-1.4.2.jar:1.4.2]
	at io.seata.spring.annotation.GlobalTransactionalInterceptor.invoke(GlobalTransactionalInterceptor.java:150) ~[seata-all-1.4.2.jar:1.4.2]
	at org.springframework.aop.framework.ReflectiveMethodInvocation.proceed(ReflectiveMethodInvocation.java:186) ~[spring-aop-5.2.13.RELEASE.jar:5.2.13.RELEASE]
	at org.springframework.aop.framework.CglibAopProxy$CglibMethodInvocation.proceed(CglibAopProxy.java:749) ~[spring-aop-5.2.13.RELEASE.jar:5.2.13.RELEASE]
	at org.springframework.aop.framework.CglibAopProxy$DynamicAdvisedInterceptor.intercept(CglibAopProxy.java:691) ~[spring-aop-5.2.13.RELEASE.jar:5.2.13.RELEASE]
	at mao.orderservice.service.impl.OrderServiceImpl$$EnhancerBySpringCGLIB$$90ca2b1c.create(<generated>) ~[classes/:na]
	at mao.orderservice.controller.OrderController.createOrder(OrderController.java:41) ~[classes/:na]
	at java.base/jdk.internal.reflect.NativeMethodAccessorImpl.invoke0(Native Method) ~[na:na]
	at java.base/jdk.internal.reflect.NativeMethodAccessorImpl.invoke(NativeMethodAccessorImpl.java:78) ~[na:na]
	at java.base/jdk.internal.reflect.DelegatingMethodAccessorImpl.invoke(DelegatingMethodAccessorImpl.java:43) ~[na:na]
	at java.base/java.lang.reflect.Method.invoke(Method.java:567) ~[na:na]
	at org.springframework.web.method.support.InvocableHandlerMethod.doInvoke(InvocableHandlerMethod.java:190) ~[spring-web-5.2.13.RELEASE.jar:5.2.13.RELEASE]
	at org.springframework.web.method.support.InvocableHandlerMethod.invokeForRequest(InvocableHandlerMethod.java:138) ~[spring-web-5.2.13.RELEASE.jar:5.2.13.RELEASE]
	at org.springframework.web.servlet.mvc.method.annotation.ServletInvocableHandlerMethod.invokeAndHandle(ServletInvocableHandlerMethod.java:105) ~[spring-webmvc-5.2.13.RELEASE.jar:5.2.13.RELEASE]
	at org.springframework.web.servlet.mvc.method.annotation.RequestMappingHandlerAdapter.invokeHandlerMethod(RequestMappingHandlerAdapter.java:878) ~[spring-webmvc-5.2.13.RELEASE.jar:5.2.13.RELEASE]
	at org.springframework.web.servlet.mvc.method.annotation.RequestMappingHandlerAdapter.handleInternal(RequestMappingHandlerAdapter.java:792) ~[spring-webmvc-5.2.13.RELEASE.jar:5.2.13.RELEASE]
	at org.springframework.web.servlet.mvc.method.AbstractHandlerMethodAdapter.handle(AbstractHandlerMethodAdapter.java:87) ~[spring-webmvc-5.2.13.RELEASE.jar:5.2.13.RELEASE]
	at org.springframework.web.servlet.DispatcherServlet.doDispatch(DispatcherServlet.java:1040) ~[spring-webmvc-5.2.13.RELEASE.jar:5.2.13.RELEASE]
	at org.springframework.web.servlet.DispatcherServlet.doService(DispatcherServlet.java:943) ~[spring-webmvc-5.2.13.RELEASE.jar:5.2.13.RELEASE]
	at org.springframework.web.servlet.FrameworkServlet.processRequest(FrameworkServlet.java:1006) ~[spring-webmvc-5.2.13.RELEASE.jar:5.2.13.RELEASE]
	at org.springframework.web.servlet.FrameworkServlet.doPost(FrameworkServlet.java:909) ~[spring-webmvc-5.2.13.RELEASE.jar:5.2.13.RELEASE]
	at javax.servlet.http.HttpServlet.service(HttpServlet.java:652) ~[tomcat-embed-core-9.0.43.jar:4.0.FR]
	at org.springframework.web.servlet.FrameworkServlet.service(FrameworkServlet.java:883) ~[spring-webmvc-5.2.13.RELEASE.jar:5.2.13.RELEASE]
	at javax.servlet.http.HttpServlet.service(HttpServlet.java:733) ~[tomcat-embed-core-9.0.43.jar:4.0.FR]
	at org.apache.catalina.core.ApplicationFilterChain.internalDoFilter(ApplicationFilterChain.java:227) ~[tomcat-embed-core-9.0.43.jar:9.0.43]
	at org.apache.catalina.core.ApplicationFilterChain.doFilter(ApplicationFilterChain.java:162) ~[tomcat-embed-core-9.0.43.jar:9.0.43]
	at org.apache.tomcat.websocket.server.WsFilter.doFilter(WsFilter.java:53) ~[tomcat-embed-websocket-9.0.43.jar:9.0.43]
	at org.apache.catalina.core.ApplicationFilterChain.internalDoFilter(ApplicationFilterChain.java:189) ~[tomcat-embed-core-9.0.43.jar:9.0.43]
	at org.apache.catalina.core.ApplicationFilterChain.doFilter(ApplicationFilterChain.java:162) ~[tomcat-embed-core-9.0.43.jar:9.0.43]
	at org.springframework.web.filter.RequestContextFilter.doFilterInternal(RequestContextFilter.java:100) ~[spring-web-5.2.13.RELEASE.jar:5.2.13.RELEASE]
	at org.springframework.web.filter.OncePerRequestFilter.doFilter(OncePerRequestFilter.java:119) ~[spring-web-5.2.13.RELEASE.jar:5.2.13.RELEASE]
	at org.apache.catalina.core.ApplicationFilterChain.internalDoFilter(ApplicationFilterChain.java:189) ~[tomcat-embed-core-9.0.43.jar:9.0.43]
	at org.apache.catalina.core.ApplicationFilterChain.doFilter(ApplicationFilterChain.java:162) ~[tomcat-embed-core-9.0.43.jar:9.0.43]
	at org.springframework.web.filter.FormContentFilter.doFilterInternal(FormContentFilter.java:93) ~[spring-web-5.2.13.RELEASE.jar:5.2.13.RELEASE]
	at org.springframework.web.filter.OncePerRequestFilter.doFilter(OncePerRequestFilter.java:119) ~[spring-web-5.2.13.RELEASE.jar:5.2.13.RELEASE]
	at org.apache.catalina.core.ApplicationFilterChain.internalDoFilter(ApplicationFilterChain.java:189) ~[tomcat-embed-core-9.0.43.jar:9.0.43]
	at org.apache.catalina.core.ApplicationFilterChain.doFilter(ApplicationFilterChain.java:162) ~[tomcat-embed-core-9.0.43.jar:9.0.43]
	at org.springframework.web.filter.CharacterEncodingFilter.doFilterInternal(CharacterEncodingFilter.java:201) ~[spring-web-5.2.13.RELEASE.jar:5.2.13.RELEASE]
	at org.springframework.web.filter.OncePerRequestFilter.doFilter(OncePerRequestFilter.java:119) ~[spring-web-5.2.13.RELEASE.jar:5.2.13.RELEASE]
	at org.apache.catalina.core.ApplicationFilterChain.internalDoFilter(ApplicationFilterChain.java:189) ~[tomcat-embed-core-9.0.43.jar:9.0.43]
	at org.apache.catalina.core.ApplicationFilterChain.doFilter(ApplicationFilterChain.java:162) ~[tomcat-embed-core-9.0.43.jar:9.0.43]
	at org.apache.catalina.core.StandardWrapperValve.invoke(StandardWrapperValve.java:202) ~[tomcat-embed-core-9.0.43.jar:9.0.43]
	at org.apache.catalina.core.StandardContextValve.invoke(StandardContextValve.java:97) ~[tomcat-embed-core-9.0.43.jar:9.0.43]
	at org.apache.catalina.authenticator.AuthenticatorBase.invoke(AuthenticatorBase.java:542) ~[tomcat-embed-core-9.0.43.jar:9.0.43]
	at org.apache.catalina.core.StandardHostValve.invoke(StandardHostValve.java:143) ~[tomcat-embed-core-9.0.43.jar:9.0.43]
	at org.apache.catalina.valves.ErrorReportValve.invoke(ErrorReportValve.java:92) ~[tomcat-embed-core-9.0.43.jar:9.0.43]
	at org.apache.catalina.core.StandardEngineValve.invoke(StandardEngineValve.java:78) ~[tomcat-embed-core-9.0.43.jar:9.0.43]
	at org.apache.catalina.connector.CoyoteAdapter.service(CoyoteAdapter.java:346) ~[tomcat-embed-core-9.0.43.jar:9.0.43]
	at org.apache.coyote.http11.Http11Processor.service(Http11Processor.java:374) ~[tomcat-embed-core-9.0.43.jar:9.0.43]
	at org.apache.coyote.AbstractProcessorLight.process(AbstractProcessorLight.java:65) ~[tomcat-embed-core-9.0.43.jar:9.0.43]
	at org.apache.coyote.AbstractProtocol$ConnectionHandler.process(AbstractProtocol.java:887) ~[tomcat-embed-core-9.0.43.jar:9.0.43]
	at org.apache.tomcat.util.net.NioEndpoint$SocketProcessor.doRun(NioEndpoint.java:1684) ~[tomcat-embed-core-9.0.43.jar:9.0.43]
	at org.apache.tomcat.util.net.SocketProcessorBase.run(SocketProcessorBase.java:49) ~[tomcat-embed-core-9.0.43.jar:9.0.43]
	at java.base/java.util.concurrent.ThreadPoolExecutor.runWorker(ThreadPoolExecutor.java:1130) ~[na:na]
	at java.base/java.util.concurrent.ThreadPoolExecutor$Worker.run(ThreadPoolExecutor.java:630) ~[na:na]
	at org.apache.tomcat.util.threads.TaskThread$WrappingRunnable.run(TaskThread.java:61) ~[tomcat-embed-core-9.0.43.jar:9.0.43]
	at java.base/java.lang.Thread.run(Thread.java:831) ~[na:na]

2022-07-28 14:56:37.337  INFO 1696 --- [PollingServerListUpdater-0] c.netflix.config.ChainedDynamicProperty  : Flipping property: account-service.ribbon.ActiveConnectionsLimit to use NEXT property: niws.loadbalancer.availabilityFilteringRule.activeConnectionsLimit = 2147483647
2022-07-28 14:56:37.682  INFO 1696 --- [PollingServerListUpdater-1] c.netflix.config.ChainedDynamicProperty  : Flipping property: storage-service.ribbon.ActiveConnectionsLimit to use NEXT property: niws.loadbalancer.availabilityFilteringRule.activeConnectionsLimit = 2147483647
2022-07-28 15:03:25.253  INFO 1696 --- [http-nio-8082-exec-8] i.seata.tm.api.DefaultGlobalTransaction  : Begin new global transaction [172.22.144.1:8091:360576963514531857]
2022-07-28 15:03:25.255  WARN 1696 --- [http-nio-8082-exec-8] c.a.druid.pool.DruidAbstractDataSource   : discard long time none received connection. , jdbcUrl : jdbc:mysql://localhost:3306/seata_demo?useUnicode=true&characterEncoding=utf8&allowMultiQueries=true&useSSL=false, version : 1.2.8, lastPacketReceivedIdleMillis : 408197
2022-07-28 15:03:25.258 DEBUG 1696 --- [http-nio-8082-exec-8] m.o.mapper.OrderMapper.insert            : ==>  Preparing: INSERT INTO order_tbl ( user_id, commodity_code, count, money ) VALUES ( ?, ?, ?, ? )
2022-07-28 15:03:25.259 DEBUG 1696 --- [http-nio-8082-exec-8] m.o.mapper.OrderMapper.insert            : ==> Parameters: user202103032042012(String), 100202003032041(String), 2(Integer), 30(Integer)
2022-07-28 15:03:25.275 DEBUG 1696 --- [http-nio-8082-exec-8] m.o.mapper.OrderMapper.insert            : <==    Updates: 1
2022-07-28 15:03:25.277 DEBUG 1696 --- [http-nio-8082-exec-8] m.orderservice.feign.AccountFeignClient  : [AccountFeignClient#deduct] ---> PUT http://account-service/account/user202103032042012/30 HTTP/1.1
2022-07-28 15:03:25.297 DEBUG 1696 --- [http-nio-8082-exec-8] m.orderservice.feign.AccountFeignClient  : [AccountFeignClient#deduct] <--- HTTP/1.1 204  (19ms)
2022-07-28 15:03:25.297 DEBUG 1696 --- [http-nio-8082-exec-8] m.orderservice.feign.StorageFeignClient  : [StorageFeignClient#deduct] ---> PUT http://storage-service/storage/100202003032041/2 HTTP/1.1
2022-07-28 15:03:25.357 DEBUG 1696 --- [http-nio-8082-exec-8] m.orderservice.feign.StorageFeignClient  : [StorageFeignClient#deduct] <--- HTTP/1.1 204  (59ms)
2022-07-28 15:03:25.382  INFO 1696 --- [http-nio-8082-exec-8] i.seata.tm.api.DefaultGlobalTransaction  : Suspending current transaction, xid = 172.22.144.1:8091:360576963514531857
2022-07-28 15:03:25.382  INFO 1696 --- [http-nio-8082-exec-8] i.seata.tm.api.DefaultGlobalTransaction  : [172.22.144.1:8091:360576963514531857] commit status: Committed
2022-07-28 15:03:25.553  INFO 1696 --- [rpcDispatch_RMROLE_1_2_32] i.s.c.r.p.c.RmBranchCommitProcessor      : rm client handle branch commit process:xid=172.22.144.1:8091:360576963514531857,branchId=360576963514531859,branchType=AT,resourceId=jdbc:mysql://localhost:3306/seata_demo,applicationData=null
2022-07-28 15:03:25.554  INFO 1696 --- [rpcDispatch_RMROLE_1_2_32] io.seata.rm.AbstractRMHandler            : Branch committing: 172.22.144.1:8091:360576963514531857 360576963514531859 jdbc:mysql://localhost:3306/seata_demo null
2022-07-28 15:03:25.554  INFO 1696 --- [rpcDispatch_RMROLE_1_2_32] io.seata.rm.AbstractRMHandler            : Branch commit result: PhaseTwo_Committed
2022-07-28 15:15:50.091  WARN 1696 --- [Thread-14] c.a.nacos.common.notify.NotifyCenter     : [NotifyCenter] Start destroying Publisher
2022-07-28 15:15:50.091  WARN 1696 --- [Thread-3] c.a.n.common.http.HttpClientBeanHolder   : [HttpClientBeanHolder] Start destroying common HttpClient
2022-07-28 15:15:50.092  WARN 1696 --- [Thread-14] c.a.nacos.common.notify.NotifyCenter     : [NotifyCenter] Destruction of the end
2022-07-28 15:15:50.092  INFO 1696 --- [Thread-44] c.n.l.PollingServerListUpdater           : Shutting down the Executor Pool for PollingServerListUpdater
2022-07-28 15:15:50.092  WARN 1696 --- [Thread-3] c.a.n.common.http.HttpClientBeanHolder   : [HttpClientBeanHolder] Destruction of the end
2022-07-28 15:15:50.115  INFO 1696 --- [SpringContextShutdownHook] o.s.s.c.ThreadPoolTaskScheduler          : Shutting down ExecutorService 'Nacos-Watch-Task-Scheduler'
2022-07-28 15:15:50.116  INFO 1696 --- [SpringContextShutdownHook] c.a.c.n.registry.NacosServiceRegistry    : De-registering from Nacos Server now...
2022-07-28 15:15:50.118  INFO 1696 --- [SpringContextShutdownHook] c.a.c.n.registry.NacosServiceRegistry    : De-registration finished.
2022-07-28 15:15:56.128  WARN 1696 --- [SpringContextShutdownHook] o.s.b.f.support.DisposableBeanAdapter    : Destroy method 'close' on bean with name 'nacosServiceRegistry' threw an exception: java.lang.NullPointerException: Cannot invoke "com.alibaba.nacos.api.naming.NamingService.shutDown()" because "this.namingService" is null
2022-07-28 15:15:56.128  INFO 1696 --- [SpringContextShutdownHook] o.s.s.concurrent.ThreadPoolTaskExecutor  : Shutting down ExecutorService 'applicationTaskExecutor'
2022-07-28 15:15:56.129  INFO 1696 --- [SpringContextShutdownHook] com.alibaba.druid.pool.DruidDataSource   : {dataSource-1} closing ...
2022-07-28 15:15:56.130  INFO 1696 --- [SpringContextShutdownHook] com.alibaba.druid.pool.DruidDataSource   : {dataSource-1} closed
2022-07-28 15:15:56.149  INFO 1696 --- [NettyClientSelector_TMROLE_1_1] i.s.c.r.n.AbstractNettyRemotingClient    : channel inactive: [id: 0x6450000c, L:/172.22.144.1:63917 ! R:/172.22.144.1:8091]
2022-07-28 15:15:56.149  INFO 1696 --- [NettyClientSelector_TMROLE_1_1] i.s.c.r.netty.NettyClientChannelManager  : return to pool, rm channel:[id: 0x6450000c, L:/172.22.144.1:63917 ! R:/172.22.144.1:8091]
2022-07-28 15:15:56.149  INFO 1696 --- [NettyClientSelector_TMROLE_1_1] i.s.core.rpc.netty.NettyPoolableFactory  : channel valid false,channel:[id: 0x6450000c, L:/172.22.144.1:63917 ! R:/172.22.144.1:8091]
2022-07-28 15:15:56.149  INFO 1696 --- [NettyClientSelector_TMROLE_1_1] i.s.core.rpc.netty.NettyPoolableFactory  : will destroy channel:[id: 0x6450000c, L:/172.22.144.1:63917 ! R:/172.22.144.1:8091]
2022-07-28 15:15:56.149  INFO 1696 --- [NettyClientSelector_TMROLE_1_1] i.s.c.r.n.AbstractNettyRemotingClient    : ChannelHandlerContext(AbstractNettyRemotingClient$ClientHandler#0, [id: 0x6450000c, L:/172.22.144.1:63917 ! R:/172.22.144.1:8091]) will closed
2022-07-28 15:15:56.149  INFO 1696 --- [NettyClientSelector_TMROLE_1_1] i.s.c.r.n.AbstractNettyRemotingClient    : ChannelHandlerContext(AbstractNettyRemotingClient$ClientHandler#0, [id: 0x6450000c, L:/172.22.144.1:63917 ! R:/172.22.144.1:8091]) will closed
2022-07-28 15:15:56.151  INFO 1696 --- [NettyClientSelector_RMROLE_1_1] i.s.c.r.n.AbstractNettyRemotingClient    : channel inactive: [id: 0x5d9eccb8, L:/172.22.144.1:63645 ! R:/172.22.144.1:8091]
2022-07-28 15:15:56.151  INFO 1696 --- [NettyClientSelector_RMROLE_1_1] i.s.c.r.netty.NettyClientChannelManager  : return to pool, rm channel:[id: 0x5d9eccb8, L:/172.22.144.1:63645 ! R:/172.22.144.1:8091]
2022-07-28 15:15:56.151  INFO 1696 --- [NettyClientSelector_RMROLE_1_1] i.s.core.rpc.netty.NettyPoolableFactory  : channel valid false,channel:[id: 0x5d9eccb8, L:/172.22.144.1:63645 ! R:/172.22.144.1:8091]
2022-07-28 15:15:56.151  INFO 1696 --- [NettyClientSelector_RMROLE_1_1] i.s.core.rpc.netty.NettyPoolableFactory  : will destroy channel:[id: 0x5d9eccb8, L:/172.22.144.1:63645 ! R:/172.22.144.1:8091]
2022-07-28 15:15:56.151  INFO 1696 --- [NettyClientSelector_RMROLE_1_1] i.s.c.r.n.AbstractNettyRemotingClient    : ChannelHandlerContext(AbstractNettyRemotingClient$ClientHandler#0, [id: 0x5d9eccb8, L:/172.22.144.1:63645 ! R:/172.22.144.1:8091]) will closed
2022-07-28 15:15:56.151  INFO 1696 --- [NettyClientSelector_RMROLE_1_1] i.s.c.r.n.AbstractNettyRemotingClient    : ChannelHandlerContext(AbstractNettyRemotingClient$ClientHandler#0, [id: 0x5d9eccb8, L:/172.22.144.1:63645 ! R:/172.22.144.1:8091]) will closed
