2022-07-24 21:41:05.781  INFO 20808 --- [main] m.a.mapper.AccountMapperTest             : No active profile set, falling back to default profiles: default
2022-07-24 21:41:06.567  INFO 20808 --- [main] o.s.cloud.context.scope.GenericScope     : BeanFactory id=48a60622-42e2-3f30-80a0-d295df8342a9
2022-07-24 21:41:06.749  INFO 20808 --- [main] c.a.d.s.b.a.DruidDataSourceAutoConfigure : Init DruidDataSource
2022-07-24 21:41:06.995  INFO 20808 --- [main] com.alibaba.druid.pool.DruidDataSource   : {dataSource-1} inited
2022-07-24 21:41:07.797  WARN 20808 --- [main] c.n.c.sources.URLConfigurationSource     : No URLs will be polled as dynamic configuration sources.
2022-07-24 21:41:07.798  INFO 20808 --- [main] c.n.c.sources.URLConfigurationSource     : To enable URLs as dynamic configuration sources, define System property archaius.configurationSource.additionalUrls or make config.properties available on classpath.
2022-07-24 21:41:07.805  WARN 20808 --- [main] c.n.c.sources.URLConfigurationSource     : No URLs will be polled as dynamic configuration sources.
2022-07-24 21:41:07.805  INFO 20808 --- [main] c.n.c.sources.URLConfigurationSource     : To enable URLs as dynamic configuration sources, define System property archaius.configurationSource.additionalUrls or make config.properties available on classpath.
2022-07-24 21:41:08.112  INFO 20808 --- [main] o.s.s.concurrent.ThreadPoolTaskExecutor  : Initializing ExecutorService 'applicationTaskExecutor'
2022-07-24 21:41:08.598  INFO 20808 --- [main] o.s.s.c.ThreadPoolTaskScheduler          : Initializing ExecutorService 'Nacos-Watch-Task-Scheduler'
2022-07-24 21:41:09.358  INFO 20808 --- [main] m.a.mapper.AccountMapperTest             : Started AccountMapperTest in 4.555 seconds (JVM running for 5.629)
2022-07-24 21:41:09.911 DEBUG 20808 --- [main] m.a.mapper.AccountMapper.selectList      : ==>  Preparing: SELECT id,user_id,money FROM account_tbl
2022-07-24 21:41:09.942 DEBUG 20808 --- [main] m.a.mapper.AccountMapper.selectList      : ==> Parameters: 
2022-07-24 21:41:09.976 DEBUG 20808 --- [main] m.a.mapper.AccountMapper.selectList      : <==      Total: 1
2022-07-24 21:41:09.995  WARN 20808 --- [Thread-10] c.a.nacos.common.notify.NotifyCenter     : [NotifyCenter] Start destroying Publisher
2022-07-24 21:41:09.995  WARN 20808 --- [Thread-4] c.a.n.common.http.HttpClientBeanHolder   : [HttpClientBeanHolder] Start destroying common HttpClient
2022-07-24 21:41:09.995  WARN 20808 --- [Thread-10] c.a.nacos.common.notify.NotifyCenter     : [NotifyCenter] Destruction of the end
2022-07-24 21:41:09.995  WARN 20808 --- [Thread-4] c.a.n.common.http.HttpClientBeanHolder   : [HttpClientBeanHolder] Destruction of the end
2022-07-24 21:41:09.996  INFO 20808 --- [SpringContextShutdownHook] o.s.s.c.ThreadPoolTaskScheduler          : Shutting down ExecutorService 'Nacos-Watch-Task-Scheduler'
2022-07-24 21:41:16.418  INFO 20808 --- [SpringContextShutdownHook] o.s.s.concurrent.ThreadPoolTaskExecutor  : Shutting down ExecutorService 'applicationTaskExecutor'
2022-07-24 21:41:16.421  INFO 20808 --- [SpringContextShutdownHook] com.alibaba.druid.pool.DruidDataSource   : {dataSource-1} closing ...
2022-07-24 21:41:16.430  INFO 20808 --- [SpringContextShutdownHook] com.alibaba.druid.pool.DruidDataSource   : {dataSource-1} closed
